#
# A fatal error has been detected by the Java Runtime Environment:
#
#  EXCEPTION_UNCAUGHT_CXX_EXCEPTION (0xe06d7363) at pc=0x00007ffc77b596c9, pid=6836, tid=3728
#
# JRE version: Java(TM) SE Runtime Environment (16.0.1+9) (build 16.0.1+9-24)
# Java VM: Java HotSpot(TM) 64-Bit Server VM (16.0.1+9-24, mixed mode, sharing, tiered, compressed oops, compressed class ptrs, g1 gc, windows-amd64)
# Problematic frame:
# C  [KERNELBASE.dll+0x396c9]
#
# No core dump will be written. Minidumps are not enabled by default on client versions of Windows
#
# If you would like to submit a bug report, please visit:
#   https://bugreport.java.com/bugreport/crash.jsp
# The crash happened outside the Java Virtual Machine in native code.
# See problematic frame for where to report the bug.
#

---------------  S U M M A R Y ------------

Command Line: -Dfile.encoding=UTF8 -ea -Xmx1024m 

Host: Intel(R) Core(TM) i7-8700 CPU @ 3.20GHz, 12 cores, 15G,  Windows 10 , 64 bit Build 17763 (10.0.17763.475)
Time: Sat Oct  2 16:19:41 2021 대한민국 표준시 elapsed time: 1.113166 seconds (0d 0h 0m 1s)

---------------  T H R E A D  ---------------

Current thread (0x0000029ba5736570):  JavaThread "main" [_thread_in_native, id=3728, stack(0x000000dff82d0000,0x000000dff84c0000)]

Stack: [0x000000dff82d0000,0x000000dff84c0000],  sp=0x000000dff84b1430,  free space=1925k
Native frames: (J=compiled Java code, j=interpreted, Vv=VM code, C=native code)
C  [KERNELBASE.dll+0x396c9]
C  [VCRUNTIME140.dll+0x6220]
C  0x00007ffc1fd749f7
C  0x00007ffc1fd7d985
C  0x00007ffc1fd72565
C  0x0000029bade4dd22

Java frames: (J=compiled Java code, j=interpreted, Vv=VM code)
j  org.jpype.manager.TypeFactoryNative.newWrapper(JJ)V+0
j  org.jpype.JPypeContext.newWrapper(J)V+16
v  ~StubRoutines::call_stub
j  org.jpype.manager.TypeFactoryNative.newWrapper(JJ)V+0
j  org.jpype.JPypeContext.newWrapper(J)V+16
v  ~StubRoutines::call_stub
j  org.jpype.manager.TypeFactoryNative.newWrapper(JJ)V+0
j  org.jpype.JPypeContext.newWrapper(J)V+16
v  ~StubRoutines::call_stub
j  org.jpype.manager.TypeFactoryNative.newWrapper(JJ)V+0
j  org.jpype.JPypeContext.newWrapper(J)V+16
v  ~StubRoutines::call_stub
j  org.jpype.manager.TypeFactoryNative.newWrapper(JJ)V+0
j  org.jpype.JPypeContext.newWrapper(J)V+16
v  ~StubRoutines::call_stub

siginfo: EXCEPTION_UNCAUGHT_CXX_EXCEPTION (0xe06d7363), ExceptionInformation=0x0000000019930520 0x000000dff84b15f0 0x00007ffc1fdbec18 0x00007ffc1fd40000 


Register to memory mapping:

RIP=0x00007ffc77b596c9 KERNELBASE.dll
RAX=0x0 is NULL
RBX=0x00007ffc1fdbec18 points into unknown readable memory: 0x0001fd6000000000 | 00 00 00 00 60 fd 01 00
RCX=0x0 is NULL
RDX=0x0000029ba3c05e34 points into unknown readable memory: 00 72 00 00
RSP=0x000000dff84b1430 is pointing into the stack for thread: 0x0000029ba5736570
RBP=0x000000dff84b16e9 is pointing into the stack for thread: 0x0000029ba5736570
RSI=0x000000dff84b15f0 is pointing into the stack for thread: 0x0000029ba5736570
RDI=0x0000000019930520 is an unknown value
R8 =0x00005e0a52ab8504 is an unknown value
R9 =0x00007ffc3fdd6cd6 python38.dll::`string' + 0x26
R10=0x000000000000000f is an unknown value
R11=0x0 is NULL
R12=0x000000dff84b1778 is pointing into the stack for thread: 0x0000029ba5736570
R13=0x0000029b8cd0af20 points into unknown readable memory: 0x00007ffc1fda42f8 | f8 42 da 1f fc 7f 00 00
R14=0x0000029b9a1ece00 points into unknown readable memory: 0x0000000000000001 | 01 00 00 00 00 00 00 00
R15=0x0000029ba643a770 points into unknown readable memory: 0x0000000000000007 | 07 00 00 00 00 00 00 00


Registers:
RAX=0x0000000000000000, RBX=0x00007ffc1fdbec18, RCX=0x0000000000000000, RDX=0x0000029ba3c05e34
RSP=0x000000dff84b1430, RBP=0x000000dff84b16e9, RSI=0x000000dff84b15f0, RDI=0x0000000019930520
R8 =0x00005e0a52ab8504, R9 =0x00007ffc3fdd6cd6, R10=0x000000000000000f, R11=0x0000000000000000
R12=0x000000dff84b1778, R13=0x0000029b8cd0af20, R14=0x0000029b9a1ece00, R15=0x0000029ba643a770
RIP=0x00007ffc77b596c9, EFLAGS=0x0000000000000206

Top of Stack: (sp=0x000000dff84b1430)
0x000000dff84b1430:   0000029b8b4bba80 00007ffc1fdbec18
0x000000dff84b1440:   000000dff84b15f0 0000000019930520
0x000000dff84b1450:   00000001e06d7363 0000000000000000
0x000000dff84b1460:   00007ffc77b596c9 000000df00000004
0x000000dff84b1470:   0000000019930520 000000dff84b15f0
0x000000dff84b1480:   00007ffc1fdbec18 00007ffc1fd40000
0x000000dff84b1490:   0000029b8cd0af20 000000dff84b1778
0x000000dff84b14a0:   0000000019930520 000000dff84b15f0
0x000000dff84b14b0:   000000dff84b16e9 00007ffc7b186ddf
0x000000dff84b14c0:   000000dff84b1530 0000029b00000000
0x000000dff84b14d0:   0000000000000000 00007ffc1fd49174
0x000000dff84b14e0:   00007ffc1fdc6000 00007ffc1fd40000
0x000000dff84b14f0:   00004ad2552a05b7 0000029b8b26b2f0
0x000000dff84b1500:   00007ffc1fdbec18 00007ffc73876220
0x000000dff84b1510:   000000dff84b15b0 000000dff84b16e9
0x000000dff84b1520:   000000dff84b16c8 00007ffc1fd5fd03 

Instructions: (pc=0x00007ffc77b596c9)
0x00007ffc77b595c9:   4c 8d 05 28 94 1f 00 33 d2 b9 00 00 10 00 e8 54
0x00007ffc77b595d9:   e1 03 00 4c 8b f0 48 89 44 24 60 48 85 c0 0f 84
0x00007ffc77b595e9:   dc fd ff ff 4c 8d 05 ec 93 1f 00 33 d2 8d 4a 02
0x00007ffc77b595f9:   e8 32 e1 03 00 48 8b f8 48 89 44 24 58 e9 be fd
0x00007ffc77b59609:   ff ff 45 33 c0 49 8b d7 48 83 c9 ff e8 66 23 03
0x00007ffc77b59619:   00 e9 09 ff ff ff 48 8b 0d d2 63 22 00 e8 c5 f0
0x00007ffc77b59629:   ff ff 48 8b cf e8 2d 59 fe ff e9 f9 fe ff ff 49
0x00007ffc77b59639:   8b ce e8 20 59 fe ff e9 f5 fe ff ff 48 8b ce e8
0x00007ffc77b59649:   13 59 fe ff e9 f1 fe ff ff cc cc cc cc cc cc cc
0x00007ffc77b59659:   cc cc cc cc cc cc cc 48 81 ec d8 00 00 00 48 8b
0x00007ffc77b59669:   05 42 3a 22 00 48 33 c4 48 89 84 24 c0 00 00 00
0x00007ffc77b59679:   48 83 64 24 28 00 48 8d 05 da ff ff ff 83 e2 01
0x00007ffc77b59689:   89 4c 24 20 89 54 24 24 48 89 44 24 30 4d 85 c9
0x00007ffc77b59699:   74 4b b8 0f 00 00 00 48 8d 4c 24 40 44 3b c0 49
0x00007ffc77b596a9:   8b d1 44 0f 47 c0 44 89 44 24 38 49 c1 e0 03 e8
0x00007ffc77b596b9:   ea 2c 05 00 48 8d 4c 24 20 48 ff 15 ff 30 16 00
0x00007ffc77b596c9:   0f 1f 44 00 00 48 8b 8c 24 c0 00 00 00 48 33 cc
0x00007ffc77b596d9:   e8 22 e8 04 00 48 81 c4 d8 00 00 00 c3 83 64 24
0x00007ffc77b596e9:   38 00 eb d0 cc cc cc cc cc cc cc cc cc cc cc cc
0x00007ffc77b596f9:   cc cc cc cc cc cc cc 4c 8b dc 49 89 5b 10 49 89
0x00007ffc77b59709:   73 18 57 48 83 ec 60 33 c0 49 89 43 b8 49 89 43
0x00007ffc77b59719:   c0 48 8d 35 07 84 16 00 33 db 48 85 c9 48 0f 45
0x00007ffc77b59729:   f1 48 8b d6 49 8d 4b c8 48 ff 15 70 2f 16 00 0f
0x00007ffc77b59739:   1f 44 00 00 8b f8 89 44 24 70 85 c0 78 1f 41 b0
0x00007ffc77b59749:   01 48 8d 54 24 30 48 8d 4c 24 20 48 ff 15 ed 28
0x00007ffc77b59759:   16 00 0f 1f 44 00 00 8b f8 89 44 24 70 85 ff 0f
0x00007ffc77b59769:   88 dc 51 06 00 48 83 c8 ff 48 8b c8 48 ff c1 66
0x00007ffc77b59779:   39 1c 4e 75 f7 48 ff c1 48 89 4c 24 40 48 89 74
0x00007ffc77b59789:   24 48 48 8b 4c 24 28 48 ff c0 38 1c 01 75 f8 48
0x00007ffc77b59799:   ff c0 48 89 44 24 50 48 89 4c 24 58 4c 8d 4c 24
0x00007ffc77b597a9:   40 33 d2 b9 0a 00 01 40 44 8d 42 04 e8 a6 fe ff
0x00007ffc77b597b9:   ff eb 0e 48 8b 4c 24 28 e8 ea fa ff ff 8b 7c 24 


Stack slot to memory mapping:
stack at sp + 0 slots: 0x0000029b8b4bba80 points into unknown readable memory: 0x0000000000000002 | 02 00 00 00 00 00 00 00
stack at sp + 1 slots: 0x00007ffc1fdbec18 points into unknown readable memory: 0x0001fd6000000000 | 00 00 00 00 60 fd 01 00
stack at sp + 2 slots: 0x000000dff84b15f0 is pointing into the stack for thread: 0x0000029ba5736570
stack at sp + 3 slots: 0x0000000019930520 is an unknown value
stack at sp + 4 slots: 0x00000001e06d7363 is an unknown value
stack at sp + 5 slots: 0x0 is NULL
stack at sp + 6 slots: 0x00007ffc77b596c9 KERNELBASE.dll
stack at sp + 7 slots: 0x000000df00000004 is an unknown value


---------------  P R O C E S S  ---------------

Threads class SMR info:
_java_thread_list=0x0000029b92d22e80, length=14, elements={
0x0000029ba5736570, 0x0000029ba5736ac0, 0x0000029ba572f090, 0x0000029ba573ca60,
0x0000029ba5737560, 0x0000029ba573c510, 0x0000029ba5737010, 0x0000029ba52d3f90,
0x0000029ba52d6680, 0x0000029ba5738000, 0x0000029ba573cfb0, 0x0000029ba573e4f0,
0x0000029ba573da50, 0x0000029ba5737ab0
}

Java Threads: ( => current thread )
=>0x0000029ba5736570 JavaThread "main" [_thread_in_native, id=3728, stack(0x000000dff82d0000,0x000000dff84c0000)]
  0x0000029ba5736ac0 JavaThread "Reference Handler" daemon [_thread_blocked, id=9884, stack(0x000000dff9440000,0x000000dff9630000)]
  0x0000029ba572f090 JavaThread "Finalizer" daemon [_thread_blocked, id=6944, stack(0x000000dff9630000,0x000000dff9820000)]
  0x0000029ba573ca60 JavaThread "Signal Dispatcher" daemon [_thread_blocked, id=12400, stack(0x000000dff9820000,0x000000dff9a10000)]
  0x0000029ba5737560 JavaThread "Attach Listener" daemon [_thread_blocked, id=11252, stack(0x000000dff9a10000,0x000000dff9c00000)]
  0x0000029ba573c510 JavaThread "Service Thread" daemon [_thread_blocked, id=10312, stack(0x000000dff9c00000,0x000000dff9df0000)]
  0x0000029ba5737010 JavaThread "Monitor Deflation Thread" daemon [_thread_blocked, id=5328, stack(0x000000dff9df0000,0x000000dff9fe0000)]
  0x0000029ba52d3f90 JavaThread "C2 CompilerThread0" daemon [_thread_blocked, id=2816, stack(0x000000dff9fe0000,0x000000dffa1d0000)]
  0x0000029ba52d6680 JavaThread "C1 CompilerThread0" daemon [_thread_blocked, id=10864, stack(0x000000dffa1d0000,0x000000dffa3c0000)]
  0x0000029ba5738000 JavaThread "Sweeper thread" daemon [_thread_blocked, id=10212, stack(0x000000dffa3c0000,0x000000dffa5b0000)]
  0x0000029ba573cfb0 JavaThread "Notification Thread" daemon [_thread_blocked, id=6264, stack(0x000000dffa5b0000,0x000000dffa7a0000)]
  0x0000029ba573e4f0 JavaThread "Common-Cleaner" daemon [_thread_blocked, id=10676, stack(0x000000dffa990000,0x000000dffab80000)]
  0x0000029ba573da50 JavaThread "Thread-0" daemon [_thread_in_native, id=9352, stack(0x000000dff84c0000,0x000000dff86b0000)]
  0x0000029ba5737ab0 JavaThread "Python Reference Queue" daemon [_thread_blocked, id=9192, stack(0x000000dffab80000,0x000000dffad70000)]

Other Threads:
  0x0000029b986196a0 VMThread "VM Thread" [stack: 0x000000dff9250000,0x000000dff9440000] [id=6684]
  0x0000029b97b31eb0 WatcherThread [stack: 0x000000dffa7a0000,0x000000dffa990000] [id=7112]
  0x0000029ba4da7a00 GCTaskThread "GC Thread#0" [stack: 0x000000dff88a0000,0x000000dff8a90000] [id=5436]
  0x0000029ba4ae2da0 ConcurrentGCThread "G1 Main Marker" [stack: 0x000000dff8a90000,0x000000dff8c80000] [id=10940]
  0x0000029ba4da7d10 ConcurrentGCThread "G1 Conc#0" [stack: 0x000000dff8c80000,0x000000dff8e70000] [id=9512]
  0x0000029ba500b1d0 ConcurrentGCThread "G1 Refine#0" [stack: 0x000000dff8e70000,0x000000dff9060000] [id=1332]
  0x0000029ba5984c30 ConcurrentGCThread "G1 Service" [stack: 0x000000dff9060000,0x000000dff9250000] [id=11376]

Threads with active compile tasks:

VM state: not at safepoint (normal execution)

VM Mutex/Monitor currently owned by a thread: None

Heap address: 0x00000000c0000000, size: 1024 MB, Compressed Oops mode: 32-bit

CDS archive(s) mapped at: [0x0000000800000000-0x0000000800bb0000-0x0000000800bb0000), size 12255232, SharedBaseAddress: 0x0000000800000000, ArchiveRelocationMode: 0.
Compressed class space mapped at: 0x0000000800c00000-0x0000000840c00000, reserved size: 1073741824
Narrow klass base: 0x0000000800000000, Narrow klass shift: 3, Narrow klass range: 0x100000000

GC Precious Log:
 CPUs: 12 total, 12 available
 Memory: 16278M
 Large Page Support: Disabled
 NUMA Support: Disabled
 Compressed Oops: Enabled (32-bit)
 Heap Region Size: 1M
 Heap Min Capacity: 8M
 Heap Initial Capacity: 256M
 Heap Max Capacity: 1G
 Pre-touch: Disabled
 Parallel Workers: 10
 Concurrent Workers: 3
 Concurrent Refinement Workers: 10
 Periodic GC: Disabled

Heap:
 garbage-first heap   total 262144K, used 3072K [0x00000000c0000000, 0x0000000100000000)
  region size 1024K, 5 young (5120K), 0 survivors (0K)
 Metaspace       used 1316K, committed 1472K, reserved 1056768K
  class space    used 108K, committed 192K, reserved 1048576K

Heap Regions: E=young(eden), S=young(survivor), O=old, HS=humongous(starts), HC=humongous(continues), CS=collection set, F=free, OA=open archive, CA=closed archive, TAMS=top-at-mark-start (previous, next)
|   0|0x00000000c0000000, 0x00000000c0000000, 0x00000000c0100000|  0%| F|  |TAMS 0x00000000c0000000, 0x00000000c0000000| Untracked 
|   1|0x00000000c0100000, 0x00000000c0100000, 0x00000000c0200000|  0%| F|  |TAMS 0x00000000c0100000, 0x00000000c0100000| Untracked 
|   2|0x00000000c0200000, 0x00000000c0200000, 0x00000000c0300000|  0%| F|  |TAMS 0x00000000c0200000, 0x00000000c0200000| Untracked 
|   3|0x00000000c0300000, 0x00000000c0300000, 0x00000000c0400000|  0%| F|  |TAMS 0x00000000c0300000, 0x00000000c0300000| Untracked 
|   4|0x00000000c0400000, 0x00000000c0400000, 0x00000000c0500000|  0%| F|  |TAMS 0x00000000c0400000, 0x00000000c0400000| Untracked 
|   5|0x00000000c0500000, 0x00000000c0500000, 0x00000000c0600000|  0%| F|  |TAMS 0x00000000c0500000, 0x00000000c0500000| Untracked 
|   6|0x00000000c0600000, 0x00000000c0600000, 0x00000000c0700000|  0%| F|  |TAMS 0x00000000c0600000, 0x00000000c0600000| Untracked 
|   7|0x00000000c0700000, 0x00000000c0700000, 0x00000000c0800000|  0%| F|  |TAMS 0x00000000c0700000, 0x00000000c0700000| Untracked 
|   8|0x00000000c0800000, 0x00000000c0800000, 0x00000000c0900000|  0%| F|  |TAMS 0x00000000c0800000, 0x00000000c0800000| Untracked 
|   9|0x00000000c0900000, 0x00000000c0900000, 0x00000000c0a00000|  0%| F|  |TAMS 0x00000000c0900000, 0x00000000c0900000| Untracked 
|  10|0x00000000c0a00000, 0x00000000c0a00000, 0x00000000c0b00000|  0%| F|  |TAMS 0x00000000c0a00000, 0x00000000c0a00000| Untracked 
|  11|0x00000000c0b00000, 0x00000000c0b00000, 0x00000000c0c00000|  0%| F|  |TAMS 0x00000000c0b00000, 0x00000000c0b00000| Untracked 
|  12|0x00000000c0c00000, 0x00000000c0c00000, 0x00000000c0d00000|  0%| F|  |TAMS 0x00000000c0c00000, 0x00000000c0c00000| Untracked 
|  13|0x00000000c0d00000, 0x00000000c0d00000, 0x00000000c0e00000|  0%| F|  |TAMS 0x00000000c0d00000, 0x00000000c0d00000| Untracked 
|  14|0x00000000c0e00000, 0x00000000c0e00000, 0x00000000c0f00000|  0%| F|  |TAMS 0x00000000c0e00000, 0x00000000c0e00000| Untracked 
|  15|0x00000000c0f00000, 0x00000000c0f00000, 0x00000000c1000000|  0%| F|  |TAMS 0x00000000c0f00000, 0x00000000c0f00000| Untracked 
|  16|0x00000000c1000000, 0x00000000c1000000, 0x00000000c1100000|  0%| F|  |TAMS 0x00000000c1000000, 0x00000000c1000000| Untracked 
|  17|0x00000000c1100000, 0x00000000c1100000, 0x00000000c1200000|  0%| F|  |TAMS 0x00000000c1100000, 0x00000000c1100000| Untracked 
|  18|0x00000000c1200000, 0x00000000c1200000, 0x00000000c1300000|  0%| F|  |TAMS 0x00000000c1200000, 0x00000000c1200000| Untracked 
|  19|0x00000000c1300000, 0x00000000c1300000, 0x00000000c1400000|  0%| F|  |TAMS 0x00000000c1300000, 0x00000000c1300000| Untracked 
|  20|0x00000000c1400000, 0x00000000c1400000, 0x00000000c1500000|  0%| F|  |TAMS 0x00000000c1400000, 0x00000000c1400000| Untracked 
|  21|0x00000000c1500000, 0x00000000c1500000, 0x00000000c1600000|  0%| F|  |TAMS 0x00000000c1500000, 0x00000000c1500000| Untracked 
|  22|0x00000000c1600000, 0x00000000c1600000, 0x00000000c1700000|  0%| F|  |TAMS 0x00000000c1600000, 0x00000000c1600000| Untracked 
|  23|0x00000000c1700000, 0x00000000c1700000, 0x00000000c1800000|  0%| F|  |TAMS 0x00000000c1700000, 0x00000000c1700000| Untracked 
|  24|0x00000000c1800000, 0x00000000c1800000, 0x00000000c1900000|  0%| F|  |TAMS 0x00000000c1800000, 0x00000000c1800000| Untracked 
|  25|0x00000000c1900000, 0x00000000c1900000, 0x00000000c1a00000|  0%| F|  |TAMS 0x00000000c1900000, 0x00000000c1900000| Untracked 
|  26|0x00000000c1a00000, 0x00000000c1a00000, 0x00000000c1b00000|  0%| F|  |TAMS 0x00000000c1a00000, 0x00000000c1a00000| Untracked 
|  27|0x00000000c1b00000, 0x00000000c1b00000, 0x00000000c1c00000|  0%| F|  |TAMS 0x00000000c1b00000, 0x00000000c1b00000| Untracked 
|  28|0x00000000c1c00000, 0x00000000c1c00000, 0x00000000c1d00000|  0%| F|  |TAMS 0x00000000c1c00000, 0x00000000c1c00000| Untracked 
|  29|0x00000000c1d00000, 0x00000000c1d00000, 0x00000000c1e00000|  0%| F|  |TAMS 0x00000000c1d00000, 0x00000000c1d00000| Untracked 
|  30|0x00000000c1e00000, 0x00000000c1e00000, 0x00000000c1f00000|  0%| F|  |TAMS 0x00000000c1e00000, 0x00000000c1e00000| Untracked 
|  31|0x00000000c1f00000, 0x00000000c1f00000, 0x00000000c2000000|  0%| F|  |TAMS 0x00000000c1f00000, 0x00000000c1f00000| Untracked 
|  32|0x00000000c2000000, 0x00000000c2000000, 0x00000000c2100000|  0%| F|  |TAMS 0x00000000c2000000, 0x00000000c2000000| Untracked 
|  33|0x00000000c2100000, 0x00000000c2100000, 0x00000000c2200000|  0%| F|  |TAMS 0x00000000c2100000, 0x00000000c2100000| Untracked 
|  34|0x00000000c2200000, 0x00000000c2200000, 0x00000000c2300000|  0%| F|  |TAMS 0x00000000c2200000, 0x00000000c2200000| Untracked 
|  35|0x00000000c2300000, 0x00000000c2300000, 0x00000000c2400000|  0%| F|  |TAMS 0x00000000c2300000, 0x00000000c2300000| Untracked 
|  36|0x00000000c2400000, 0x00000000c2400000, 0x00000000c2500000|  0%| F|  |TAMS 0x00000000c2400000, 0x00000000c2400000| Untracked 
|  37|0x00000000c2500000, 0x00000000c2500000, 0x00000000c2600000|  0%| F|  |TAMS 0x00000000c2500000, 0x00000000c2500000| Untracked 
|  38|0x00000000c2600000, 0x00000000c2600000, 0x00000000c2700000|  0%| F|  |TAMS 0x00000000c2600000, 0x00000000c2600000| Untracked 
|  39|0x00000000c2700000, 0x00000000c2700000, 0x00000000c2800000|  0%| F|  |TAMS 0x00000000c2700000, 0x00000000c2700000| Untracked 
|  40|0x00000000c2800000, 0x00000000c2800000, 0x00000000c2900000|  0%| F|  |TAMS 0x00000000c2800000, 0x00000000c2800000| Untracked 
|  41|0x00000000c2900000, 0x00000000c2900000, 0x00000000c2a00000|  0%| F|  |TAMS 0x00000000c2900000, 0x00000000c2900000| Untracked 
|  42|0x00000000c2a00000, 0x00000000c2a00000, 0x00000000c2b00000|  0%| F|  |TAMS 0x00000000c2a00000, 0x00000000c2a00000| Untracked 
|  43|0x00000000c2b00000, 0x00000000c2b00000, 0x00000000c2c00000|  0%| F|  |TAMS 0x00000000c2b00000, 0x00000000c2b00000| Untracked 
|  44|0x00000000c2c00000, 0x00000000c2c00000, 0x00000000c2d00000|  0%| F|  |TAMS 0x00000000c2c00000, 0x00000000c2c00000| Untracked 
|  45|0x00000000c2d00000, 0x00000000c2d00000, 0x00000000c2e00000|  0%| F|  |TAMS 0x00000000c2d00000, 0x00000000c2d00000| Untracked 
|  46|0x00000000c2e00000, 0x00000000c2e00000, 0x00000000c2f00000|  0%| F|  |TAMS 0x00000000c2e00000, 0x00000000c2e00000| Untracked 
|  47|0x00000000c2f00000, 0x00000000c2f00000, 0x00000000c3000000|  0%| F|  |TAMS 0x00000000c2f00000, 0x00000000c2f00000| Untracked 
|  48|0x00000000c3000000, 0x00000000c3000000, 0x00000000c3100000|  0%| F|  |TAMS 0x00000000c3000000, 0x00000000c3000000| Untracked 
|  49|0x00000000c3100000, 0x00000000c3100000, 0x00000000c3200000|  0%| F|  |TAMS 0x00000000c3100000, 0x00000000c3100000| Untracked 
|  50|0x00000000c3200000, 0x00000000c3200000, 0x00000000c3300000|  0%| F|  |TAMS 0x00000000c3200000, 0x00000000c3200000| Untracked 
|  51|0x00000000c3300000, 0x00000000c3300000, 0x00000000c3400000|  0%| F|  |TAMS 0x00000000c3300000, 0x00000000c3300000| Untracked 
|  52|0x00000000c3400000, 0x00000000c3400000, 0x00000000c3500000|  0%| F|  |TAMS 0x00000000c3400000, 0x00000000c3400000| Untracked 
|  53|0x00000000c3500000, 0x00000000c3500000, 0x00000000c3600000|  0%| F|  |TAMS 0x00000000c3500000, 0x00000000c3500000| Untracked 
|  54|0x00000000c3600000, 0x00000000c3600000, 0x00000000c3700000|  0%| F|  |TAMS 0x00000000c3600000, 0x00000000c3600000| Untracked 
|  55|0x00000000c3700000, 0x00000000c3700000, 0x00000000c3800000|  0%| F|  |TAMS 0x00000000c3700000, 0x00000000c3700000| Untracked 
|  56|0x00000000c3800000, 0x00000000c3800000, 0x00000000c3900000|  0%| F|  |TAMS 0x00000000c3800000, 0x00000000c3800000| Untracked 
|  57|0x00000000c3900000, 0x00000000c3900000, 0x00000000c3a00000|  0%| F|  |TAMS 0x00000000c3900000, 0x00000000c3900000| Untracked 
|  58|0x00000000c3a00000, 0x00000000c3a00000, 0x00000000c3b00000|  0%| F|  |TAMS 0x00000000c3a00000, 0x00000000c3a00000| Untracked 
|  59|0x00000000c3b00000, 0x00000000c3b00000, 0x00000000c3c00000|  0%| F|  |TAMS 0x00000000c3b00000, 0x00000000c3b00000| Untracked 
|  60|0x00000000c3c00000, 0x00000000c3c00000, 0x00000000c3d00000|  0%| F|  |TAMS 0x00000000c3c00000, 0x00000000c3c00000| Untracked 
|  61|0x00000000c3d00000, 0x00000000c3d00000, 0x00000000c3e00000|  0%| F|  |TAMS 0x00000000c3d00000, 0x00000000c3d00000| Untracked 
|  62|0x00000000c3e00000, 0x00000000c3e00000, 0x00000000c3f00000|  0%| F|  |TAMS 0x00000000c3e00000, 0x00000000c3e00000| Untracked 
|  63|0x00000000c3f00000, 0x00000000c3f00000, 0x00000000c4000000|  0%| F|  |TAMS 0x00000000c3f00000, 0x00000000c3f00000| Untracked 
|  64|0x00000000c4000000, 0x00000000c4000000, 0x00000000c4100000|  0%| F|  |TAMS 0x00000000c4000000, 0x00000000c4000000| Untracked 
|  65|0x00000000c4100000, 0x00000000c4100000, 0x00000000c4200000|  0%| F|  |TAMS 0x00000000c4100000, 0x00000000c4100000| Untracked 
|  66|0x00000000c4200000, 0x00000000c4200000, 0x00000000c4300000|  0%| F|  |TAMS 0x00000000c4200000, 0x00000000c4200000| Untracked 
|  67|0x00000000c4300000, 0x00000000c4300000, 0x00000000c4400000|  0%| F|  |TAMS 0x00000000c4300000, 0x00000000c4300000| Untracked 
|  68|0x00000000c4400000, 0x00000000c4400000, 0x00000000c4500000|  0%| F|  |TAMS 0x00000000c4400000, 0x00000000c4400000| Untracked 
|  69|0x00000000c4500000, 0x00000000c4500000, 0x00000000c4600000|  0%| F|  |TAMS 0x00000000c4500000, 0x00000000c4500000| Untracked 
|  70|0x00000000c4600000, 0x00000000c4600000, 0x00000000c4700000|  0%| F|  |TAMS 0x00000000c4600000, 0x00000000c4600000| Untracked 
|  71|0x00000000c4700000, 0x00000000c4700000, 0x00000000c4800000|  0%| F|  |TAMS 0x00000000c4700000, 0x00000000c4700000| Untracked 
|  72|0x00000000c4800000, 0x00000000c4800000, 0x00000000c4900000|  0%| F|  |TAMS 0x00000000c4800000, 0x00000000c4800000| Untracked 
|  73|0x00000000c4900000, 0x00000000c4900000, 0x00000000c4a00000|  0%| F|  |TAMS 0x00000000c4900000, 0x00000000c4900000| Untracked 
|  74|0x00000000c4a00000, 0x00000000c4a00000, 0x00000000c4b00000|  0%| F|  |TAMS 0x00000000c4a00000, 0x00000000c4a00000| Untracked 
|  75|0x00000000c4b00000, 0x00000000c4b00000, 0x00000000c4c00000|  0%| F|  |TAMS 0x00000000c4b00000, 0x00000000c4b00000| Untracked 
|  76|0x00000000c4c00000, 0x00000000c4c00000, 0x00000000c4d00000|  0%| F|  |TAMS 0x00000000c4c00000, 0x00000000c4c00000| Untracked 
|  77|0x00000000c4d00000, 0x00000000c4d00000, 0x00000000c4e00000|  0%| F|  |TAMS 0x00000000c4d00000, 0x00000000c4d00000| Untracked 
|  78|0x00000000c4e00000, 0x00000000c4e00000, 0x00000000c4f00000|  0%| F|  |TAMS 0x00000000c4e00000, 0x00000000c4e00000| Untracked 
|  79|0x00000000c4f00000, 0x00000000c4f00000, 0x00000000c5000000|  0%| F|  |TAMS 0x00000000c4f00000, 0x00000000c4f00000| Untracked 
|  80|0x00000000c5000000, 0x00000000c5000000, 0x00000000c5100000|  0%| F|  |TAMS 0x00000000c5000000, 0x00000000c5000000| Untracked 
|  81|0x00000000c5100000, 0x00000000c5100000, 0x00000000c5200000|  0%| F|  |TAMS 0x00000000c5100000, 0x00000000c5100000| Untracked 
|  82|0x00000000c5200000, 0x00000000c5200000, 0x00000000c5300000|  0%| F|  |TAMS 0x00000000c5200000, 0x00000000c5200000| Untracked 
|  83|0x00000000c5300000, 0x00000000c5300000, 0x00000000c5400000|  0%| F|  |TAMS 0x00000000c5300000, 0x00000000c5300000| Untracked 
|  84|0x00000000c5400000, 0x00000000c5400000, 0x00000000c5500000|  0%| F|  |TAMS 0x00000000c5400000, 0x00000000c5400000| Untracked 
|  85|0x00000000c5500000, 0x00000000c5500000, 0x00000000c5600000|  0%| F|  |TAMS 0x00000000c5500000, 0x00000000c5500000| Untracked 
|  86|0x00000000c5600000, 0x00000000c5600000, 0x00000000c5700000|  0%| F|  |TAMS 0x00000000c5600000, 0x00000000c5600000| Untracked 
|  87|0x00000000c5700000, 0x00000000c5700000, 0x00000000c5800000|  0%| F|  |TAMS 0x00000000c5700000, 0x00000000c5700000| Untracked 
|  88|0x00000000c5800000, 0x00000000c5800000, 0x00000000c5900000|  0%| F|  |TAMS 0x00000000c5800000, 0x00000000c5800000| Untracked 
|  89|0x00000000c5900000, 0x00000000c5900000, 0x00000000c5a00000|  0%| F|  |TAMS 0x00000000c5900000, 0x00000000c5900000| Untracked 
|  90|0x00000000c5a00000, 0x00000000c5a00000, 0x00000000c5b00000|  0%| F|  |TAMS 0x00000000c5a00000, 0x00000000c5a00000| Untracked 
|  91|0x00000000c5b00000, 0x00000000c5b00000, 0x00000000c5c00000|  0%| F|  |TAMS 0x00000000c5b00000, 0x00000000c5b00000| Untracked 
|  92|0x00000000c5c00000, 0x00000000c5c00000, 0x00000000c5d00000|  0%| F|  |TAMS 0x00000000c5c00000, 0x00000000c5c00000| Untracked 
|  93|0x00000000c5d00000, 0x00000000c5d00000, 0x00000000c5e00000|  0%| F|  |TAMS 0x00000000c5d00000, 0x00000000c5d00000| Untracked 
|  94|0x00000000c5e00000, 0x00000000c5e00000, 0x00000000c5f00000|  0%| F|  |TAMS 0x00000000c5e00000, 0x00000000c5e00000| Untracked 
|  95|0x00000000c5f00000, 0x00000000c5f00000, 0x00000000c6000000|  0%| F|  |TAMS 0x00000000c5f00000, 0x00000000c5f00000| Untracked 
|  96|0x00000000c6000000, 0x00000000c6000000, 0x00000000c6100000|  0%| F|  |TAMS 0x00000000c6000000, 0x00000000c6000000| Untracked 
|  97|0x00000000c6100000, 0x00000000c6100000, 0x00000000c6200000|  0%| F|  |TAMS 0x00000000c6100000, 0x00000000c6100000| Untracked 
|  98|0x00000000c6200000, 0x00000000c6200000, 0x00000000c6300000|  0%| F|  |TAMS 0x00000000c6200000, 0x00000000c6200000| Untracked 
|  99|0x00000000c6300000, 0x00000000c6300000, 0x00000000c6400000|  0%| F|  |TAMS 0x00000000c6300000, 0x00000000c6300000| Untracked 
| 100|0x00000000c6400000, 0x00000000c6400000, 0x00000000c6500000|  0%| F|  |TAMS 0x00000000c6400000, 0x00000000c6400000| Untracked 
| 101|0x00000000c6500000, 0x00000000c6500000, 0x00000000c6600000|  0%| F|  |TAMS 0x00000000c6500000, 0x00000000c6500000| Untracked 
| 102|0x00000000c6600000, 0x00000000c6600000, 0x00000000c6700000|  0%| F|  |TAMS 0x00000000c6600000, 0x00000000c6600000| Untracked 
| 103|0x00000000c6700000, 0x00000000c6700000, 0x00000000c6800000|  0%| F|  |TAMS 0x00000000c6700000, 0x00000000c6700000| Untracked 
| 104|0x00000000c6800000, 0x00000000c6800000, 0x00000000c6900000|  0%| F|  |TAMS 0x00000000c6800000, 0x00000000c6800000| Untracked 
| 105|0x00000000c6900000, 0x00000000c6900000, 0x00000000c6a00000|  0%| F|  |TAMS 0x00000000c6900000, 0x00000000c6900000| Untracked 
| 106|0x00000000c6a00000, 0x00000000c6a00000, 0x00000000c6b00000|  0%| F|  |TAMS 0x00000000c6a00000, 0x00000000c6a00000| Untracked 
| 107|0x00000000c6b00000, 0x00000000c6b00000, 0x00000000c6c00000|  0%| F|  |TAMS 0x00000000c6b00000, 0x00000000c6b00000| Untracked 
| 108|0x00000000c6c00000, 0x00000000c6c00000, 0x00000000c6d00000|  0%| F|  |TAMS 0x00000000c6c00000, 0x00000000c6c00000| Untracked 
| 109|0x00000000c6d00000, 0x00000000c6d00000, 0x00000000c6e00000|  0%| F|  |TAMS 0x00000000c6d00000, 0x00000000c6d00000| Untracked 
| 110|0x00000000c6e00000, 0x00000000c6e00000, 0x00000000c6f00000|  0%| F|  |TAMS 0x00000000c6e00000, 0x00000000c6e00000| Untracked 
| 111|0x00000000c6f00000, 0x00000000c6f00000, 0x00000000c7000000|  0%| F|  |TAMS 0x00000000c6f00000, 0x00000000c6f00000| Untracked 
| 112|0x00000000c7000000, 0x00000000c7000000, 0x00000000c7100000|  0%| F|  |TAMS 0x00000000c7000000, 0x00000000c7000000| Untracked 
| 113|0x00000000c7100000, 0x00000000c7100000, 0x00000000c7200000|  0%| F|  |TAMS 0x00000000c7100000, 0x00000000c7100000| Untracked 
| 114|0x00000000c7200000, 0x00000000c7200000, 0x00000000c7300000|  0%| F|  |TAMS 0x00000000c7200000, 0x00000000c7200000| Untracked 
| 115|0x00000000c7300000, 0x00000000c7300000, 0x00000000c7400000|  0%| F|  |TAMS 0x00000000c7300000, 0x00000000c7300000| Untracked 
| 116|0x00000000c7400000, 0x00000000c7400000, 0x00000000c7500000|  0%| F|  |TAMS 0x00000000c7400000, 0x00000000c7400000| Untracked 
| 117|0x00000000c7500000, 0x00000000c7500000, 0x00000000c7600000|  0%| F|  |TAMS 0x00000000c7500000, 0x00000000c7500000| Untracked 
| 118|0x00000000c7600000, 0x00000000c7600000, 0x00000000c7700000|  0%| F|  |TAMS 0x00000000c7600000, 0x00000000c7600000| Untracked 
| 119|0x00000000c7700000, 0x00000000c7700000, 0x00000000c7800000|  0%| F|  |TAMS 0x00000000c7700000, 0x00000000c7700000| Untracked 
| 120|0x00000000c7800000, 0x00000000c7800000, 0x00000000c7900000|  0%| F|  |TAMS 0x00000000c7800000, 0x00000000c7800000| Untracked 
| 121|0x00000000c7900000, 0x00000000c7900000, 0x00000000c7a00000|  0%| F|  |TAMS 0x00000000c7900000, 0x00000000c7900000| Untracked 
| 122|0x00000000c7a00000, 0x00000000c7a00000, 0x00000000c7b00000|  0%| F|  |TAMS 0x00000000c7a00000, 0x00000000c7a00000| Untracked 
| 123|0x00000000c7b00000, 0x00000000c7b00000, 0x00000000c7c00000|  0%| F|  |TAMS 0x00000000c7b00000, 0x00000000c7b00000| Untracked 
| 124|0x00000000c7c00000, 0x00000000c7c00000, 0x00000000c7d00000|  0%| F|  |TAMS 0x00000000c7c00000, 0x00000000c7c00000| Untracked 
| 125|0x00000000c7d00000, 0x00000000c7d00000, 0x00000000c7e00000|  0%| F|  |TAMS 0x00000000c7d00000, 0x00000000c7d00000| Untracked 
| 126|0x00000000c7e00000, 0x00000000c7e00000, 0x00000000c7f00000|  0%| F|  |TAMS 0x00000000c7e00000, 0x00000000c7e00000| Untracked 
| 127|0x00000000c7f00000, 0x00000000c7f00000, 0x00000000c8000000|  0%| F|  |TAMS 0x00000000c7f00000, 0x00000000c7f00000| Untracked 
| 128|0x00000000c8000000, 0x00000000c8000000, 0x00000000c8100000|  0%| F|  |TAMS 0x00000000c8000000, 0x00000000c8000000| Untracked 
| 129|0x00000000c8100000, 0x00000000c8100000, 0x00000000c8200000|  0%| F|  |TAMS 0x00000000c8100000, 0x00000000c8100000| Untracked 
| 130|0x00000000c8200000, 0x00000000c8200000, 0x00000000c8300000|  0%| F|  |TAMS 0x00000000c8200000, 0x00000000c8200000| Untracked 
| 131|0x00000000c8300000, 0x00000000c8300000, 0x00000000c8400000|  0%| F|  |TAMS 0x00000000c8300000, 0x00000000c8300000| Untracked 
| 132|0x00000000c8400000, 0x00000000c8400000, 0x00000000c8500000|  0%| F|  |TAMS 0x00000000c8400000, 0x00000000c8400000| Untracked 
| 133|0x00000000c8500000, 0x00000000c8500000, 0x00000000c8600000|  0%| F|  |TAMS 0x00000000c8500000, 0x00000000c8500000| Untracked 
| 134|0x00000000c8600000, 0x00000000c8600000, 0x00000000c8700000|  0%| F|  |TAMS 0x00000000c8600000, 0x00000000c8600000| Untracked 
| 135|0x00000000c8700000, 0x00000000c8700000, 0x00000000c8800000|  0%| F|  |TAMS 0x00000000c8700000, 0x00000000c8700000| Untracked 
| 136|0x00000000c8800000, 0x00000000c8800000, 0x00000000c8900000|  0%| F|  |TAMS 0x00000000c8800000, 0x00000000c8800000| Untracked 
| 137|0x00000000c8900000, 0x00000000c8900000, 0x00000000c8a00000|  0%| F|  |TAMS 0x00000000c8900000, 0x00000000c8900000| Untracked 
| 138|0x00000000c8a00000, 0x00000000c8a00000, 0x00000000c8b00000|  0%| F|  |TAMS 0x00000000c8a00000, 0x00000000c8a00000| Untracked 
| 139|0x00000000c8b00000, 0x00000000c8b00000, 0x00000000c8c00000|  0%| F|  |TAMS 0x00000000c8b00000, 0x00000000c8b00000| Untracked 
| 140|0x00000000c8c00000, 0x00000000c8c00000, 0x00000000c8d00000|  0%| F|  |TAMS 0x00000000c8c00000, 0x00000000c8c00000| Untracked 
| 141|0x00000000c8d00000, 0x00000000c8d00000, 0x00000000c8e00000|  0%| F|  |TAMS 0x00000000c8d00000, 0x00000000c8d00000| Untracked 
| 142|0x00000000c8e00000, 0x00000000c8e00000, 0x00000000c8f00000|  0%| F|  |TAMS 0x00000000c8e00000, 0x00000000c8e00000| Untracked 
| 143|0x00000000c8f00000, 0x00000000c8f00000, 0x00000000c9000000|  0%| F|  |TAMS 0x00000000c8f00000, 0x00000000c8f00000| Untracked 
| 144|0x00000000c9000000, 0x00000000c9000000, 0x00000000c9100000|  0%| F|  |TAMS 0x00000000c9000000, 0x00000000c9000000| Untracked 
| 145|0x00000000c9100000, 0x00000000c9100000, 0x00000000c9200000|  0%| F|  |TAMS 0x00000000c9100000, 0x00000000c9100000| Untracked 
| 146|0x00000000c9200000, 0x00000000c9200000, 0x00000000c9300000|  0%| F|  |TAMS 0x00000000c9200000, 0x00000000c9200000| Untracked 
| 147|0x00000000c9300000, 0x00000000c9300000, 0x00000000c9400000|  0%| F|  |TAMS 0x00000000c9300000, 0x00000000c9300000| Untracked 
| 148|0x00000000c9400000, 0x00000000c9400000, 0x00000000c9500000|  0%| F|  |TAMS 0x00000000c9400000, 0x00000000c9400000| Untracked 
| 149|0x00000000c9500000, 0x00000000c9500000, 0x00000000c9600000|  0%| F|  |TAMS 0x00000000c9500000, 0x00000000c9500000| Untracked 
| 150|0x00000000c9600000, 0x00000000c9600000, 0x00000000c9700000|  0%| F|  |TAMS 0x00000000c9600000, 0x00000000c9600000| Untracked 
| 151|0x00000000c9700000, 0x00000000c9700000, 0x00000000c9800000|  0%| F|  |TAMS 0x00000000c9700000, 0x00000000c9700000| Untracked 
| 152|0x00000000c9800000, 0x00000000c9800000, 0x00000000c9900000|  0%| F|  |TAMS 0x00000000c9800000, 0x00000000c9800000| Untracked 
| 153|0x00000000c9900000, 0x00000000c9900000, 0x00000000c9a00000|  0%| F|  |TAMS 0x00000000c9900000, 0x00000000c9900000| Untracked 
| 154|0x00000000c9a00000, 0x00000000c9a00000, 0x00000000c9b00000|  0%| F|  |TAMS 0x00000000c9a00000, 0x00000000c9a00000| Untracked 
| 155|0x00000000c9b00000, 0x00000000c9b00000, 0x00000000c9c00000|  0%| F|  |TAMS 0x00000000c9b00000, 0x00000000c9b00000| Untracked 
| 156|0x00000000c9c00000, 0x00000000c9c00000, 0x00000000c9d00000|  0%| F|  |TAMS 0x00000000c9c00000, 0x00000000c9c00000| Untracked 
| 157|0x00000000c9d00000, 0x00000000c9d00000, 0x00000000c9e00000|  0%| F|  |TAMS 0x00000000c9d00000, 0x00000000c9d00000| Untracked 
| 158|0x00000000c9e00000, 0x00000000c9e00000, 0x00000000c9f00000|  0%| F|  |TAMS 0x00000000c9e00000, 0x00000000c9e00000| Untracked 
| 159|0x00000000c9f00000, 0x00000000c9f00000, 0x00000000ca000000|  0%| F|  |TAMS 0x00000000c9f00000, 0x00000000c9f00000| Untracked 
| 160|0x00000000ca000000, 0x00000000ca000000, 0x00000000ca100000|  0%| F|  |TAMS 0x00000000ca000000, 0x00000000ca000000| Untracked 
| 161|0x00000000ca100000, 0x00000000ca100000, 0x00000000ca200000|  0%| F|  |TAMS 0x00000000ca100000, 0x00000000ca100000| Untracked 
| 162|0x00000000ca200000, 0x00000000ca200000, 0x00000000ca300000|  0%| F|  |TAMS 0x00000000ca200000, 0x00000000ca200000| Untracked 
| 163|0x00000000ca300000, 0x00000000ca300000, 0x00000000ca400000|  0%| F|  |TAMS 0x00000000ca300000, 0x00000000ca300000| Untracked 
| 164|0x00000000ca400000, 0x00000000ca400000, 0x00000000ca500000|  0%| F|  |TAMS 0x00000000ca400000, 0x00000000ca400000| Untracked 
| 165|0x00000000ca500000, 0x00000000ca500000, 0x00000000ca600000|  0%| F|  |TAMS 0x00000000ca500000, 0x00000000ca500000| Untracked 
| 166|0x00000000ca600000, 0x00000000ca600000, 0x00000000ca700000|  0%| F|  |TAMS 0x00000000ca600000, 0x00000000ca600000| Untracked 
| 167|0x00000000ca700000, 0x00000000ca700000, 0x00000000ca800000|  0%| F|  |TAMS 0x00000000ca700000, 0x00000000ca700000| Untracked 
| 168|0x00000000ca800000, 0x00000000ca800000, 0x00000000ca900000|  0%| F|  |TAMS 0x00000000ca800000, 0x00000000ca800000| Untracked 
| 169|0x00000000ca900000, 0x00000000ca900000, 0x00000000caa00000|  0%| F|  |TAMS 0x00000000ca900000, 0x00000000ca900000| Untracked 
| 170|0x00000000caa00000, 0x00000000caa00000, 0x00000000cab00000|  0%| F|  |TAMS 0x00000000caa00000, 0x00000000caa00000| Untracked 
| 171|0x00000000cab00000, 0x00000000cab00000, 0x00000000cac00000|  0%| F|  |TAMS 0x00000000cab00000, 0x00000000cab00000| Untracked 
| 172|0x00000000cac00000, 0x00000000cac00000, 0x00000000cad00000|  0%| F|  |TAMS 0x00000000cac00000, 0x00000000cac00000| Untracked 
| 173|0x00000000cad00000, 0x00000000cad00000, 0x00000000cae00000|  0%| F|  |TAMS 0x00000000cad00000, 0x00000000cad00000| Untracked 
| 174|0x00000000cae00000, 0x00000000cae00000, 0x00000000caf00000|  0%| F|  |TAMS 0x00000000cae00000, 0x00000000cae00000| Untracked 
| 175|0x00000000caf00000, 0x00000000caf00000, 0x00000000cb000000|  0%| F|  |TAMS 0x00000000caf00000, 0x00000000caf00000| Untracked 
| 176|0x00000000cb000000, 0x00000000cb000000, 0x00000000cb100000|  0%| F|  |TAMS 0x00000000cb000000, 0x00000000cb000000| Untracked 
| 177|0x00000000cb100000, 0x00000000cb100000, 0x00000000cb200000|  0%| F|  |TAMS 0x00000000cb100000, 0x00000000cb100000| Untracked 
| 178|0x00000000cb200000, 0x00000000cb200000, 0x00000000cb300000|  0%| F|  |TAMS 0x00000000cb200000, 0x00000000cb200000| Untracked 
| 179|0x00000000cb300000, 0x00000000cb300000, 0x00000000cb400000|  0%| F|  |TAMS 0x00000000cb300000, 0x00000000cb300000| Untracked 
| 180|0x00000000cb400000, 0x00000000cb400000, 0x00000000cb500000|  0%| F|  |TAMS 0x00000000cb400000, 0x00000000cb400000| Untracked 
| 181|0x00000000cb500000, 0x00000000cb500000, 0x00000000cb600000|  0%| F|  |TAMS 0x00000000cb500000, 0x00000000cb500000| Untracked 
| 182|0x00000000cb600000, 0x00000000cb600000, 0x00000000cb700000|  0%| F|  |TAMS 0x00000000cb600000, 0x00000000cb600000| Untracked 
| 183|0x00000000cb700000, 0x00000000cb700000, 0x00000000cb800000|  0%| F|  |TAMS 0x00000000cb700000, 0x00000000cb700000| Untracked 
| 184|0x00000000cb800000, 0x00000000cb800000, 0x00000000cb900000|  0%| F|  |TAMS 0x00000000cb800000, 0x00000000cb800000| Untracked 
| 185|0x00000000cb900000, 0x00000000cb900000, 0x00000000cba00000|  0%| F|  |TAMS 0x00000000cb900000, 0x00000000cb900000| Untracked 
| 186|0x00000000cba00000, 0x00000000cba00000, 0x00000000cbb00000|  0%| F|  |TAMS 0x00000000cba00000, 0x00000000cba00000| Untracked 
| 187|0x00000000cbb00000, 0x00000000cbb00000, 0x00000000cbc00000|  0%| F|  |TAMS 0x00000000cbb00000, 0x00000000cbb00000| Untracked 
| 188|0x00000000cbc00000, 0x00000000cbc00000, 0x00000000cbd00000|  0%| F|  |TAMS 0x00000000cbc00000, 0x00000000cbc00000| Untracked 
| 189|0x00000000cbd00000, 0x00000000cbd00000, 0x00000000cbe00000|  0%| F|  |TAMS 0x00000000cbd00000, 0x00000000cbd00000| Untracked 
| 190|0x00000000cbe00000, 0x00000000cbe00000, 0x00000000cbf00000|  0%| F|  |TAMS 0x00000000cbe00000, 0x00000000cbe00000| Untracked 
| 191|0x00000000cbf00000, 0x00000000cbf00000, 0x00000000cc000000|  0%| F|  |TAMS 0x00000000cbf00000, 0x00000000cbf00000| Untracked 
| 192|0x00000000cc000000, 0x00000000cc000000, 0x00000000cc100000|  0%| F|  |TAMS 0x00000000cc000000, 0x00000000cc000000| Untracked 
| 193|0x00000000cc100000, 0x00000000cc100000, 0x00000000cc200000|  0%| F|  |TAMS 0x00000000cc100000, 0x00000000cc100000| Untracked 
| 194|0x00000000cc200000, 0x00000000cc200000, 0x00000000cc300000|  0%| F|  |TAMS 0x00000000cc200000, 0x00000000cc200000| Untracked 
| 195|0x00000000cc300000, 0x00000000cc300000, 0x00000000cc400000|  0%| F|  |TAMS 0x00000000cc300000, 0x00000000cc300000| Untracked 
| 196|0x00000000cc400000, 0x00000000cc400000, 0x00000000cc500000|  0%| F|  |TAMS 0x00000000cc400000, 0x00000000cc400000| Untracked 
| 197|0x00000000cc500000, 0x00000000cc500000, 0x00000000cc600000|  0%| F|  |TAMS 0x00000000cc500000, 0x00000000cc500000| Untracked 
| 198|0x00000000cc600000, 0x00000000cc600000, 0x00000000cc700000|  0%| F|  |TAMS 0x00000000cc600000, 0x00000000cc600000| Untracked 
| 199|0x00000000cc700000, 0x00000000cc700000, 0x00000000cc800000|  0%| F|  |TAMS 0x00000000cc700000, 0x00000000cc700000| Untracked 
| 200|0x00000000cc800000, 0x00000000cc800000, 0x00000000cc900000|  0%| F|  |TAMS 0x00000000cc800000, 0x00000000cc800000| Untracked 
| 201|0x00000000cc900000, 0x00000000cc900000, 0x00000000cca00000|  0%| F|  |TAMS 0x00000000cc900000, 0x00000000cc900000| Untracked 
| 202|0x00000000cca00000, 0x00000000cca00000, 0x00000000ccb00000|  0%| F|  |TAMS 0x00000000cca00000, 0x00000000cca00000| Untracked 
| 203|0x00000000ccb00000, 0x00000000ccb00000, 0x00000000ccc00000|  0%| F|  |TAMS 0x00000000ccb00000, 0x00000000ccb00000| Untracked 
| 204|0x00000000ccc00000, 0x00000000ccc00000, 0x00000000ccd00000|  0%| F|  |TAMS 0x00000000ccc00000, 0x00000000ccc00000| Untracked 
| 205|0x00000000ccd00000, 0x00000000ccd00000, 0x00000000cce00000|  0%| F|  |TAMS 0x00000000ccd00000, 0x00000000ccd00000| Untracked 
| 206|0x00000000cce00000, 0x00000000cce00000, 0x00000000ccf00000|  0%| F|  |TAMS 0x00000000cce00000, 0x00000000cce00000| Untracked 
| 207|0x00000000ccf00000, 0x00000000ccf00000, 0x00000000cd000000|  0%| F|  |TAMS 0x00000000ccf00000, 0x00000000ccf00000| Untracked 
| 208|0x00000000cd000000, 0x00000000cd000000, 0x00000000cd100000|  0%| F|  |TAMS 0x00000000cd000000, 0x00000000cd000000| Untracked 
| 209|0x00000000cd100000, 0x00000000cd100000, 0x00000000cd200000|  0%| F|  |TAMS 0x00000000cd100000, 0x00000000cd100000| Untracked 
| 210|0x00000000cd200000, 0x00000000cd200000, 0x00000000cd300000|  0%| F|  |TAMS 0x00000000cd200000, 0x00000000cd200000| Untracked 
| 211|0x00000000cd300000, 0x00000000cd300000, 0x00000000cd400000|  0%| F|  |TAMS 0x00000000cd300000, 0x00000000cd300000| Untracked 
| 212|0x00000000cd400000, 0x00000000cd400000, 0x00000000cd500000|  0%| F|  |TAMS 0x00000000cd400000, 0x00000000cd400000| Untracked 
| 213|0x00000000cd500000, 0x00000000cd500000, 0x00000000cd600000|  0%| F|  |TAMS 0x00000000cd500000, 0x00000000cd500000| Untracked 
| 214|0x00000000cd600000, 0x00000000cd600000, 0x00000000cd700000|  0%| F|  |TAMS 0x00000000cd600000, 0x00000000cd600000| Untracked 
| 215|0x00000000cd700000, 0x00000000cd700000, 0x00000000cd800000|  0%| F|  |TAMS 0x00000000cd700000, 0x00000000cd700000| Untracked 
| 216|0x00000000cd800000, 0x00000000cd800000, 0x00000000cd900000|  0%| F|  |TAMS 0x00000000cd800000, 0x00000000cd800000| Untracked 
| 217|0x00000000cd900000, 0x00000000cd900000, 0x00000000cda00000|  0%| F|  |TAMS 0x00000000cd900000, 0x00000000cd900000| Untracked 
| 218|0x00000000cda00000, 0x00000000cda00000, 0x00000000cdb00000|  0%| F|  |TAMS 0x00000000cda00000, 0x00000000cda00000| Untracked 
| 219|0x00000000cdb00000, 0x00000000cdb00000, 0x00000000cdc00000|  0%| F|  |TAMS 0x00000000cdb00000, 0x00000000cdb00000| Untracked 
| 220|0x00000000cdc00000, 0x00000000cdc00000, 0x00000000cdd00000|  0%| F|  |TAMS 0x00000000cdc00000, 0x00000000cdc00000| Untracked 
| 221|0x00000000cdd00000, 0x00000000cdd00000, 0x00000000cde00000|  0%| F|  |TAMS 0x00000000cdd00000, 0x00000000cdd00000| Untracked 
| 222|0x00000000cde00000, 0x00000000cde00000, 0x00000000cdf00000|  0%| F|  |TAMS 0x00000000cde00000, 0x00000000cde00000| Untracked 
| 223|0x00000000cdf00000, 0x00000000cdf00000, 0x00000000ce000000|  0%| F|  |TAMS 0x00000000cdf00000, 0x00000000cdf00000| Untracked 
| 224|0x00000000ce000000, 0x00000000ce000000, 0x00000000ce100000|  0%| F|  |TAMS 0x00000000ce000000, 0x00000000ce000000| Untracked 
| 225|0x00000000ce100000, 0x00000000ce100000, 0x00000000ce200000|  0%| F|  |TAMS 0x00000000ce100000, 0x00000000ce100000| Untracked 
| 226|0x00000000ce200000, 0x00000000ce200000, 0x00000000ce300000|  0%| F|  |TAMS 0x00000000ce200000, 0x00000000ce200000| Untracked 
| 227|0x00000000ce300000, 0x00000000ce300000, 0x00000000ce400000|  0%| F|  |TAMS 0x00000000ce300000, 0x00000000ce300000| Untracked 
| 228|0x00000000ce400000, 0x00000000ce400000, 0x00000000ce500000|  0%| F|  |TAMS 0x00000000ce400000, 0x00000000ce400000| Untracked 
| 229|0x00000000ce500000, 0x00000000ce500000, 0x00000000ce600000|  0%| F|  |TAMS 0x00000000ce500000, 0x00000000ce500000| Untracked 
| 230|0x00000000ce600000, 0x00000000ce600000, 0x00000000ce700000|  0%| F|  |TAMS 0x00000000ce600000, 0x00000000ce600000| Untracked 
| 231|0x00000000ce700000, 0x00000000ce700000, 0x00000000ce800000|  0%| F|  |TAMS 0x00000000ce700000, 0x00000000ce700000| Untracked 
| 232|0x00000000ce800000, 0x00000000ce800000, 0x00000000ce900000|  0%| F|  |TAMS 0x00000000ce800000, 0x00000000ce800000| Untracked 
| 233|0x00000000ce900000, 0x00000000ce900000, 0x00000000cea00000|  0%| F|  |TAMS 0x00000000ce900000, 0x00000000ce900000| Untracked 
| 234|0x00000000cea00000, 0x00000000cea00000, 0x00000000ceb00000|  0%| F|  |TAMS 0x00000000cea00000, 0x00000000cea00000| Untracked 
| 235|0x00000000ceb00000, 0x00000000ceb00000, 0x00000000cec00000|  0%| F|  |TAMS 0x00000000ceb00000, 0x00000000ceb00000| Untracked 
| 236|0x00000000cec00000, 0x00000000cec00000, 0x00000000ced00000|  0%| F|  |TAMS 0x00000000cec00000, 0x00000000cec00000| Untracked 
| 237|0x00000000ced00000, 0x00000000ced00000, 0x00000000cee00000|  0%| F|  |TAMS 0x00000000ced00000, 0x00000000ced00000| Untracked 
| 238|0x00000000cee00000, 0x00000000cee00000, 0x00000000cef00000|  0%| F|  |TAMS 0x00000000cee00000, 0x00000000cee00000| Untracked 
| 239|0x00000000cef00000, 0x00000000cef00000, 0x00000000cf000000|  0%| F|  |TAMS 0x00000000cef00000, 0x00000000cef00000| Untracked 
| 240|0x00000000cf000000, 0x00000000cf000000, 0x00000000cf100000|  0%| F|  |TAMS 0x00000000cf000000, 0x00000000cf000000| Untracked 
| 241|0x00000000cf100000, 0x00000000cf100000, 0x00000000cf200000|  0%| F|  |TAMS 0x00000000cf100000, 0x00000000cf100000| Untracked 
| 242|0x00000000cf200000, 0x00000000cf200000, 0x00000000cf300000|  0%| F|  |TAMS 0x00000000cf200000, 0x00000000cf200000| Untracked 
| 243|0x00000000cf300000, 0x00000000cf300000, 0x00000000cf400000|  0%| F|  |TAMS 0x00000000cf300000, 0x00000000cf300000| Untracked 
| 244|0x00000000cf400000, 0x00000000cf400000, 0x00000000cf500000|  0%| F|  |TAMS 0x00000000cf400000, 0x00000000cf400000| Untracked 
| 245|0x00000000cf500000, 0x00000000cf500000, 0x00000000cf600000|  0%| F|  |TAMS 0x00000000cf500000, 0x00000000cf500000| Untracked 
| 246|0x00000000cf600000, 0x00000000cf600000, 0x00000000cf700000|  0%| F|  |TAMS 0x00000000cf600000, 0x00000000cf600000| Untracked 
| 247|0x00000000cf700000, 0x00000000cf700000, 0x00000000cf800000|  0%| F|  |TAMS 0x00000000cf700000, 0x00000000cf700000| Untracked 
| 248|0x00000000cf800000, 0x00000000cf800000, 0x00000000cf900000|  0%| F|  |TAMS 0x00000000cf800000, 0x00000000cf800000| Untracked 
| 249|0x00000000cf900000, 0x00000000cf900000, 0x00000000cfa00000|  0%| F|  |TAMS 0x00000000cf900000, 0x00000000cf900000| Untracked 
| 250|0x00000000cfa00000, 0x00000000cfa00000, 0x00000000cfb00000|  0%| F|  |TAMS 0x00000000cfa00000, 0x00000000cfa00000| Untracked 
| 251|0x00000000cfb00000, 0x00000000cfb76470, 0x00000000cfc00000| 46%| E|  |TAMS 0x00000000cfb00000, 0x00000000cfb00000| Complete 
| 252|0x00000000cfc00000, 0x00000000cfd00000, 0x00000000cfd00000|100%| E|CS|TAMS 0x00000000cfc00000, 0x00000000cfc00000| Complete 
| 253|0x00000000cfd00000, 0x00000000cfe00000, 0x00000000cfe00000|100%| E|CS|TAMS 0x00000000cfd00000, 0x00000000cfd00000| Complete 
| 254|0x00000000cfe00000, 0x00000000cff00000, 0x00000000cff00000|100%| E|  |TAMS 0x00000000cfe00000, 0x00000000cfe00000| Complete 
| 255|0x00000000cff00000, 0x00000000d0000000, 0x00000000d0000000|100%| E|CS|TAMS 0x00000000cff00000, 0x00000000cff00000| Complete 

Card table byte_map: [0x0000029b9dda0000,0x0000029b9dfa0000] _byte_map_base: 0x0000029b9d7a0000

Marking Bits (Prev, Next): (CMBitMap*) 0x0000029ba585a480, (CMBitMap*) 0x0000029ba585a4c0
 Prev Bits: [0x0000029bbce40000, 0x0000029bbde40000)
 Next Bits: [0x0000029bbde40000, 0x0000029bbee40000)

Polling page: 0x0000029b9a230000

Metaspace:

Usage:
  Non-class:      1.18 MB used.
      Class:    108.55 KB used.
       Both:      1.29 MB used.

Virtual space:
  Non-class space:        8.00 MB reserved,       1.25 MB ( 16%) committed,  1 nodes.
      Class space:        1.00 GB reserved,     192.00 KB ( <1%) committed,  1 nodes.
              Both:        1.01 GB reserved,       1.44 MB ( <1%) committed. 

Chunk freelists:
   Non-Class:  3.84 MB
       Class:  3.73 MB
        Both:  7.57 MB

MaxMetaspaceSize: 17179869184.00 GB
CompressedClassSpaceSize: 1.00 GB
 - commit_granule_bytes: 65536.
 - commit_granule_words: 8192.
 - virtual_space_node_default_size: 1048576.
 - enlarge_chunks_in_place: 1.
 - new_chunks_are_fully_committed: 0.
 - uncommit_free_chunks: 1.
 - use_allocation_guard: 0.
 - handle_deallocations: 1.


Internal statistics:

num_allocs_failed_limit: 0.
num_arena_births: 10.
num_arena_deaths: 0.
num_vsnodes_births: 2.
num_vsnodes_deaths: 0.
num_space_committed: 23.
num_space_uncommitted: 0.
num_chunks_returned_to_freelist: 0.
num_chunks_taken_from_freelist: 22.
num_chunk_merges: 0.
num_chunk_splits: 16.
num_chunks_enlarged: 13.
num_purges: 0.

CodeHeap 'non-profiled nmethods': size=120000Kb used=79Kb max_used=79Kb free=119920Kb
 bounds [0x0000029bb5910000, 0x0000029bb5b80000, 0x0000029bbce40000]
CodeHeap 'profiled nmethods': size=120000Kb used=410Kb max_used=410Kb free=119589Kb
 bounds [0x0000029bae3e0000, 0x0000029bae650000, 0x0000029bb5910000]
CodeHeap 'non-nmethods': size=5760Kb used=1129Kb max_used=1143Kb free=4630Kb
 bounds [0x0000029bade40000, 0x0000029bae0b0000, 0x0000029bae3e0000]
 total_blobs=705 nmethods=299 adapters=319
 compilation: enabled
              stopped_count=0, restarted_count=0
 full_count=0

Compilation events (20 events):
Event: 1.054 Thread 0x0000029ba52d6680  290       3       java.lang.Class::getInterfaces (49 bytes)
Event: 1.054 Thread 0x0000029ba52d6680 nmethod 290 0x0000029bae444210 code [0x0000029bae444400, 0x0000029bae444918]
Event: 1.054 Thread 0x0000029ba52d6680  292       3       java.util.AbstractList::<init> (10 bytes)
Event: 1.054 Thread 0x0000029ba52d6680 nmethod 292 0x0000029bae444a90 code [0x0000029bae444c40, 0x0000029bae444e18]
Event: 1.054 Thread 0x0000029ba52d6680  291       3       java.lang.reflect.Modifier::isStatic (13 bytes)
Event: 1.054 Thread 0x0000029ba52d6680 nmethod 291 0x0000029bae444f10 code [0x0000029bae4450a0, 0x0000029bae4451f8]
Event: 1.054 Thread 0x0000029ba52d6680  293       1       java.lang.reflect.Constructor::getModifiers (5 bytes)
Event: 1.054 Thread 0x0000029ba52d6680 nmethod 293 0x0000029bb5923690 code [0x0000029bb5923820, 0x0000029bb59238f8]
Event: 1.054 Thread 0x0000029ba52d6680  295       3       java.lang.Object::equals (11 bytes)
Event: 1.054 Thread 0x0000029ba52d3f90  294       4       java.lang.String::equals (50 bytes)
Event: 1.054 Thread 0x0000029ba52d6680 nmethod 295 0x0000029bae445290 code [0x0000029bae445420, 0x0000029bae445598]
Event: 1.066 Thread 0x0000029ba52d6680  296       3       java.lang.reflect.Modifier::isPublic (12 bytes)
Event: 1.066 Thread 0x0000029ba52d6680 nmethod 296 0x0000029bae445610 code [0x0000029bae4457a0, 0x0000029bae4458f8]
Event: 1.066 Thread 0x0000029ba52d6680  297       3       java.util.LinkedList$ListItr::hasNext (20 bytes)
Event: 1.066 Thread 0x0000029ba52d6680 nmethod 297 0x0000029bae445990 code [0x0000029bae445b20, 0x0000029bae445c98]
Event: 1.066 Thread 0x0000029ba52d6680  298       3       java.util.LinkedList$ListItr::checkForComodification (23 bytes)
Event: 1.066 Thread 0x0000029ba52d6680 nmethod 298 0x0000029bae445d90 code [0x0000029bae445f40, 0x0000029bae446108]
Event: 1.066 Thread 0x0000029ba52d6680  299       3       java.util.LinkedList$ListItr::next (56 bytes)
Event: 1.066 Thread 0x0000029ba52d6680 nmethod 299 0x0000029bae446210 code [0x0000029bae446400, 0x0000029bae446878]
Event: 1.074 Thread 0x0000029ba52d3f90 nmethod 294 0x0000029bb5923990 code [0x0000029bb5923b20, 0x0000029bb5923cf8]

GC Heap History (0 events):
No events

Deoptimization events (2 events):
Event: 1.043 Thread 0x0000029ba5736570 DEOPT PACKING pc=0x0000029bae3f58e7 sp=0x000000dff84b2290
Event: 1.043 Thread 0x0000029ba5736570 DEOPT UNPACKING pc=0x0000029bade8dece sp=0x000000dff84b16b0 mode 0

Classes unloaded (0 events):
No events

Classes redefined (0 events):
No events

Internal exceptions (8 events):
Event: 0.789 Thread 0x0000029ba5736570 Exception <a 'java/lang/NoClassDefFoundError'{0x00000000cfd6bdc8}: org/jpype/classloader/DynamicClassLoader> (0x00000000cfd6bdc8) 
thrown [t:\workspace\open\src\hotspot\share\classfile\systemDictionary.cpp, line 245]
Event: 1.009 Thread 0x0000029ba573da50 Exception <a 'java/lang/NoClassDefFoundError'{0x00000000cfc01448}: org/jpype/classloader/DynamicClassLoader> (0x00000000cfc01448) 
thrown [t:\workspace\open\src\hotspot\share\classfile\systemDictionary.cpp, line 245]
Event: 1.026 Thread 0x0000029ba573da50 Exception <a 'sun/nio/fs/WindowsException'{0x00000000cfca6418}> (0x00000000cfca6418) 
thrown [t:\workspace\open\src\hotspot\share\prims\jni.cpp, line 579]
Event: 1.027 Thread 0x0000029ba573da50 Exception <a 'sun/nio/fs/WindowsException'{0x00000000cfca6bd0}> (0x00000000cfca6bd0) 
thrown [t:\workspace\open\src\hotspot\share\prims\jni.cpp, line 579]
Event: 1.027 Thread 0x0000029ba573da50 Exception <a 'sun/nio/fs/WindowsException'{0x00000000cfca7100}> (0x00000000cfca7100) 
thrown [t:\workspace\open\src\hotspot\share\prims\jni.cpp, line 579]
Event: 1.038 Thread 0x0000029ba573da50 Exception <a 'sun/nio/fs/WindowsException'{0x00000000cfccaf90}> (0x00000000cfccaf90) 
thrown [t:\workspace\open\src\hotspot\share\prims\jni.cpp, line 579]
Event: 1.049 Thread 0x0000029ba5736570 Exception <a 'java/lang/NoSuchMethodError'{0x00000000cfcf2b20}: 'java.lang.Object java.lang.invoke.DirectMethodHandle$Holder.invokeInterface(java.lang.Object, java.lang.Object)'> (0x00000000cfcf2b20) 
thrown [t:\workspace\open\src\hotspot\share\interpreter\linkResolver.cpp, line 790]
Event: 1.050 Thread 0x0000029ba5736570 Exception <a 'java/lang/IncompatibleClassChangeError'{0x00000000cfcf6498}: Found class java.lang.Object, but interface was expected> (0x00000000cfcf6498) 
thrown [t:\workspace\open\src\hotspot\share\interpreter\linkResolver.cpp, line 857]

Events (20 events):
Event: 1.041 loading class java/nio/FloatBuffer
Event: 1.041 loading class java/nio/FloatBuffer done
Event: 1.041 loading class java/nio/DoubleBuffer
Event: 1.041 loading class java/nio/DoubleBuffer done
Event: 1.041 loading class java/lang/UnsatisfiedLinkError
Event: 1.042 loading class java/lang/UnsatisfiedLinkError done
Event: 1.043 loading class java/util/LinkedList$ListItr
Event: 1.043 loading class java/util/LinkedList$ListItr done
Event: 1.054 loading class java/lang/Throwable$PrintStreamOrWriter
Event: 1.054 loading class java/lang/Throwable$PrintStreamOrWriter done
Event: 1.054 loading class java/io/ObjectInputStream
Event: 1.055 loading class java/io/ObjectInput
Event: 1.055 loading class java/io/ObjectInput done
Event: 1.055 loading class java/io/ObjectStreamConstants
Event: 1.065 loading class java/io/ObjectStreamConstants done
Event: 1.065 loading class java/io/ObjectInputStream done
Event: 1.065 loading class java/io/ObjectOutputStream
Event: 1.065 loading class java/io/ObjectOutput
Event: 1.065 loading class java/io/ObjectOutput done
Event: 1.065 loading class java/io/ObjectOutputStream done


Dynamic libraries:
0x00007ff6e02e0000 - 0x00007ff6e02fc000 	C:\anaconda3\python.exe
0x00007ffc7b110000 - 0x00007ffc7b2fd000 	C:\Windows\SYSTEM32\ntdll.dll
0x00007ffc7afc0000 - 0x00007ffc7b073000 	C:\Windows\System32\KERNEL32.DLL
0x00007ffc77b20000 - 0x00007ffc77db5000 	C:\Windows\System32\KERNELBASE.dll
0x00007ffc78020000 - 0x00007ffc7811a000 	C:\Windows\System32\ucrtbase.dll
0x00007ffc3fbd0000 - 0x00007ffc40002000 	C:\anaconda3\python38.dll
0x00007ffc73870000 - 0x00007ffc73889000 	C:\anaconda3\VCRUNTIME140.dll
0x00007ffc787c0000 - 0x00007ffc78812000 	C:\Windows\System32\SHLWAPI.dll
0x00007ffc7af20000 - 0x00007ffc7afbe000 	C:\Windows\System32\msvcrt.dll
0x00007ffc72c50000 - 0x00007ffc72c5a000 	C:\Windows\SYSTEM32\VERSION.dll
0x00007ffc79110000 - 0x00007ffc7943d000 	C:\Windows\System32\combase.dll
0x00007ffc78500000 - 0x00007ffc78622000 	C:\Windows\System32\RPCRT4.dll
0x00007ffc779d0000 - 0x00007ffc77a4e000 	C:\Windows\System32\bcryptPrimitives.dll
0x00007ffc7b0b0000 - 0x00007ffc7b0d9000 	C:\Windows\System32\GDI32.dll
0x00007ffc78190000 - 0x00007ffc7832c000 	C:\Windows\System32\gdi32full.dll
0x00007ffc77a80000 - 0x00007ffc77b20000 	C:\Windows\System32\msvcp_win.dll
0x00007ffc79580000 - 0x00007ffc79717000 	C:\Windows\System32\USER32.dll
0x00007ffc78120000 - 0x00007ffc78140000 	C:\Windows\System32\win32u.dll
0x00007ffc789d0000 - 0x00007ffc78a3d000 	C:\Windows\System32\WS2_32.dll
0x00007ffc78a40000 - 0x00007ffc78ae3000 	C:\Windows\System32\ADVAPI32.dll
0x00007ffc78330000 - 0x00007ffc783ce000 	C:\Windows\System32\sechost.dll
0x00007ffc7b080000 - 0x00007ffc7b0ae000 	C:\Windows\System32\IMM32.DLL
0x00007ffc77dc0000 - 0x00007ffc77dd7000 	C:\Windows\System32\CRYPTSP.dll
0x00007ffc76480000 - 0x00007ffc764b3000 	C:\Windows\system32\rsaenh.dll
0x00007ffc77a50000 - 0x00007ffc77a76000 	C:\Windows\System32\bcrypt.dll
0x00007ffc76ad0000 - 0x00007ffc76adc000 	C:\Windows\SYSTEM32\CRYPTBASE.dll
0x00007ffc6ab20000 - 0x00007ffc6ab2f000 	C:\anaconda3\python3.DLL
0x00007ffc69480000 - 0x00007ffc69488000 	C:\anaconda3\lib\site-packages\markupsafe\_speedups.cp38-win_amd64.pyd
0x00007ffc648f0000 - 0x00007ffc64907000 	C:\anaconda3\DLLs\_bz2.pyd
0x00007ffc642e0000 - 0x00007ffc6430a000 	C:\anaconda3\DLLs\_lzma.pyd
0x00007ffc690b0000 - 0x00007ffc690bd000 	C:\anaconda3\DLLs\_hashlib.pyd
0x00007ffc4c220000 - 0x00007ffc4c56c000 	C:\anaconda3\Library\bin\libcrypto-1_1-x64.dll
0x00007ffc5b660000 - 0x00007ffc5b6a3000 	C:\anaconda3\DLLs\_decimal.pyd
0x00007ffc4f0f0000 - 0x00007ffc4f1fe000 	C:\anaconda3\DLLs\unicodedata.pyd
0x00007ffc66630000 - 0x00007ffc66646000 	C:\anaconda3\DLLs\_socket.pyd
0x00007ffc76620000 - 0x00007ffc7665d000 	C:\Windows\SYSTEM32\IPHLPAPI.DLL
0x00007ffc6a710000 - 0x00007ffc6a719000 	C:\anaconda3\DLLs\select.pyd
0x00007ffc5c5e0000 - 0x00007ffc5c607000 	C:\anaconda3\DLLs\_ssl.pyd
0x00007ffc77de0000 - 0x00007ffc77fbc000 	C:\Windows\System32\CRYPT32.dll
0x00007ffc771a0000 - 0x00007ffc771b2000 	C:\Windows\System32\MSASN1.dll
0x00007ffc58a40000 - 0x00007ffc58aec000 	C:\anaconda3\Library\bin\libssl-1_1-x64.dll
0x00007ffc620f0000 - 0x00007ffc62110000 	C:\anaconda3\DLLs\_ctypes.pyd
0x00007ffc7adc0000 - 0x00007ffc7af16000 	C:\Windows\System32\ole32.dll
0x00007ffc78fe0000 - 0x00007ffc790a4000 	C:\Windows\System32\OLEAUT32.dll
0x00007ffc66620000 - 0x00007ffc6662b000 	C:\anaconda3\DLLs\libffi-7.dll
0x00007ffc798c0000 - 0x00007ffc7adb9000 	C:\Windows\System32\shell32.DLL
0x00007ffc78140000 - 0x00007ffc7818a000 	C:\Windows\System32\cfgmgr32.dll
0x00007ffc797b0000 - 0x00007ffc79858000 	C:\Windows\System32\shcore.dll
0x00007ffc771c0000 - 0x00007ffc77913000 	C:\Windows\System32\windows.storage.dll
0x00007ffc77170000 - 0x00007ffc77194000 	C:\Windows\System32\profapi.dll
0x00007ffc77110000 - 0x00007ffc7716d000 	C:\Windows\System32\powrprof.dll
0x00007ffc770f0000 - 0x00007ffc77101000 	C:\Windows\System32\kernel.appcore.dll
0x00007ffc5c5d0000 - 0x00007ffc5c5dc000 	C:\anaconda3\lib\site-packages\greenlet\_greenlet.cp38-win_amd64.pyd
0x000000006f7c0000 - 0x0000000071448000 	C:\anaconda3\lib\site-packages\numpy\.libs\libopenblas.PYQHXLVVQ7VESDPUVUADXEVJOBGHJPAY.gfortran-win_amd64.dll
0x0000000066d80000 - 0x0000000068b11000 	C:\anaconda3\lib\site-packages\numpy\.libs\libopenblas.WCDJNK7YVMPZQ2ME2ZZHJJRJ3JIKNDB7.gfortran-win_amd64.dll
0x00007ffc2f980000 - 0x00007ffc2fc5f000 	C:\anaconda3\lib\site-packages\numpy\core\_multiarray_umath.cp38-win_amd64.pyd
0x00007ffc5b630000 - 0x00007ffc5b652000 	C:\anaconda3\lib\site-packages\numpy\core\_multiarray_tests.cp38-win_amd64.pyd
0x00007ffc5f120000 - 0x00007ffc5f12c000 	C:\anaconda3\lib\site-packages\numpy\linalg\lapack_lite.cp38-win_amd64.pyd
0x00007ffc5aa30000 - 0x00007ffc5aa56000 	C:\anaconda3\lib\site-packages\numpy\linalg\_umath_linalg.cp38-win_amd64.pyd
0x00007ffc5aa10000 - 0x00007ffc5aa30000 	C:\anaconda3\lib\site-packages\numpy\fft\_pocketfft_internal.cp38-win_amd64.pyd
0x00007ffc4fb50000 - 0x00007ffc4fbe2000 	C:\anaconda3\lib\site-packages\numpy\random\mtrand.cp38-win_amd64.pyd
0x00007ffc5a6f0000 - 0x00007ffc5a71d000 	C:\anaconda3\lib\site-packages\numpy\random\_bit_generator.cp38-win_amd64.pyd
0x00007ffc56a10000 - 0x00007ffc56a42000 	C:\anaconda3\lib\site-packages\numpy\random\_common.cp38-win_amd64.pyd
0x00007ffc55e70000 - 0x00007ffc55ec2000 	C:\anaconda3\lib\site-packages\numpy\random\_bounded_integers.cp38-win_amd64.pyd
0x00007ffc537a0000 - 0x00007ffc537be000 	C:\anaconda3\lib\site-packages\numpy\random\_mt19937.cp38-win_amd64.pyd
0x00007ffc53780000 - 0x00007ffc53798000 	C:\anaconda3\lib\site-packages\numpy\random\_philox.cp38-win_amd64.pyd
0x00007ffc532c0000 - 0x00007ffc532d6000 	C:\anaconda3\lib\site-packages\numpy\random\_pcg64.cp38-win_amd64.pyd
0x00007ffc532a0000 - 0x00007ffc532b3000 	C:\anaconda3\lib\site-packages\numpy\random\_sfc64.cp38-win_amd64.pyd
0x00007ffc4f040000 - 0x00007ffc4f0e8000 	C:\anaconda3\lib\site-packages\numpy\random\_generator.cp38-win_amd64.pyd
0x00007ffc4d000000 - 0x00007ffc4d103000 	C:\anaconda3\lib\site-packages\pandas\_libs\interval.cp38-win_amd64.pyd
0x00007ffc4b840000 - 0x00007ffc4b973000 	C:\anaconda3\lib\site-packages\pandas\_libs\hashtable.cp38-win_amd64.pyd
0x00007ffc51f10000 - 0x00007ffc51f3d000 	C:\anaconda3\lib\site-packages\pandas\_libs\missing.cp38-win_amd64.pyd
0x00007ffc52220000 - 0x00007ffc5223e000 	C:\anaconda3\lib\site-packages\pandas\_libs\tslibs\dtypes.cp38-win_amd64.pyd
0x00007ffc51760000 - 0x00007ffc5179c000 	C:\anaconda3\lib\site-packages\pandas\_libs\tslibs\conversion.cp38-win_amd64.pyd
0x00007ffc5a770000 - 0x00007ffc5a77f000 	C:\anaconda3\lib\site-packages\pandas\_libs\tslibs\base.cp38-win_amd64.pyd
0x00007ffc51720000 - 0x00007ffc51754000 	C:\anaconda3\lib\site-packages\pandas\_libs\tslibs\nattype.cp38-win_amd64.pyd
0x00007ffc59a80000 - 0x00007ffc59a8f000 	C:\anaconda3\lib\site-packages\pandas\_libs\tslibs\np_datetime.cp38-win_amd64.pyd
0x00007ffc51300000 - 0x00007ffc51335000 	C:\anaconda3\lib\site-packages\pandas\_libs\tslibs\timezones.cp38-win_amd64.pyd
0x0000029b7fed0000 - 0x0000029b7fed3000 	C:\Windows\SYSTEM32\tzres.dll
0x00007ffc512c0000 - 0x00007ffc512fc000 	C:\anaconda3\lib\site-packages\pandas\_libs\tslibs\tzconversion.cp38-win_amd64.pyd
0x00007ffc51a60000 - 0x00007ffc51a72000 	C:\anaconda3\lib\site-packages\pandas\_libs\tslibs\ccalendar.cp38-win_amd64.pyd
0x00007ffc4edd0000 - 0x00007ffc4ee23000 	C:\anaconda3\lib\site-packages\pandas\_libs\tslibs\parsing.cp38-win_amd64.pyd
0x00007ffc4da20000 - 0x00007ffc4dae8000 	C:\anaconda3\lib\site-packages\pandas\_libs\tslibs\offsets.cp38-win_amd64.pyd
0x00007ffc4dc40000 - 0x00007ffc4dca1000 	C:\anaconda3\lib\site-packages\pandas\_libs\tslibs\timedeltas.cp38-win_amd64.pyd
0x00007ffc4ff30000 - 0x00007ffc4ff70000 	C:\anaconda3\lib\site-packages\pandas\_libs\tslibs\fields.cp38-win_amd64.pyd
0x00007ffc4eff0000 - 0x00007ffc4f03f000 	C:\anaconda3\lib\site-packages\pandas\_libs\tslibs\strptime.cp38-win_amd64.pyd
0x00007ffc4be00000 - 0x00007ffc4be68000 	C:\anaconda3\lib\site-packages\pandas\_libs\tslibs\timestamps.cp38-win_amd64.pyd
0x00007ffc51810000 - 0x00007ffc51823000 	C:\anaconda3\lib\site-packages\pandas\_libs\properties.cp38-win_amd64.pyd
0x00007ffc4b7e0000 - 0x00007ffc4b83a000 	C:\anaconda3\lib\site-packages\pandas\_libs\tslibs\period.cp38-win_amd64.pyd
0x00007ffc4fb10000 - 0x00007ffc4fb44000 	C:\anaconda3\lib\site-packages\pandas\_libs\tslibs\vectorized.cp38-win_amd64.pyd
0x00007ffc51640000 - 0x00007ffc51652000 	C:\anaconda3\lib\site-packages\pandas\_libs\ops_dispatch.cp38-win_amd64.pyd
0x00007ffc4a410000 - 0x00007ffc4a554000 	C:\anaconda3\lib\site-packages\pandas\_libs\algos.cp38-win_amd64.pyd
0x00007ffc4b630000 - 0x00007ffc4b6a9000 	C:\anaconda3\lib\site-packages\pandas\_libs\lib.cp38-win_amd64.pyd
0x00007ffc51490000 - 0x00007ffc514b6000 	C:\anaconda3\lib\site-packages\pandas\_libs\tslib.cp38-win_amd64.pyd
0x00007ffc4ed50000 - 0x00007ffc4ed7b000 	C:\anaconda3\lib\site-packages\pandas\_libs\hashing.cp38-win_amd64.pyd
0x00007ffc4e060000 - 0x00007ffc4e093000 	C:\anaconda3\lib\site-packages\pandas\_libs\ops.cp38-win_amd64.pyd
0x00007ffc4d930000 - 0x00007ffc4d957000 	C:\anaconda3\lib\site-packages\numexpr\interpreter.cp38-win_amd64.pyd
0x00007ffc6dd70000 - 0x00007ffc6de0d000 	C:\Windows\SYSTEM32\MSVCP140.dll
0x00007ffc23250000 - 0x00007ffc2433b000 	C:\anaconda3\Library\bin\mkl_rt.1.dll
0x00007ffc4e3e0000 - 0x00007ffc4e3f9000 	C:\anaconda3\lib\site-packages\bottleneck\reduce.cp38-win_amd64.pyd
0x00007ffc598f0000 - 0x00007ffc598fa000 	C:\anaconda3\lib\site-packages\bottleneck\nonreduce.cp38-win_amd64.pyd
0x00007ffc59820000 - 0x00007ffc5982f000 	C:\anaconda3\lib\site-packages\bottleneck\nonreduce_axis.cp38-win_amd64.pyd
0x00007ffc4cfe0000 - 0x00007ffc4cff9000 	C:\anaconda3\lib\site-packages\bottleneck\move.cp38-win_amd64.pyd
0x00007ffc4ccd0000 - 0x00007ffc4cce8000 	C:\anaconda3\lib\site-packages\pandas\_libs\arrays.cp38-win_amd64.pyd
0x00007ffc4aa30000 - 0x00007ffc4aaa5000 	C:\anaconda3\lib\site-packages\pandas\_libs\index.cp38-win_amd64.pyd
0x00007ffc404f0000 - 0x00007ffc406c8000 	C:\anaconda3\lib\site-packages\pandas\_libs\join.cp38-win_amd64.pyd
0x00007ffc46e00000 - 0x00007ffc46ec8000 	C:\anaconda3\lib\site-packages\pandas\_libs\sparse.cp38-win_amd64.pyd
0x00007ffc4c9e0000 - 0x00007ffc4ca21000 	C:\anaconda3\lib\site-packages\pandas\_libs\reduction.cp38-win_amd64.pyd
0x00007ffc581d0000 - 0x00007ffc581e0000 	C:\anaconda3\lib\site-packages\pandas\_libs\indexing.cp38-win_amd64.pyd
0x00007ffc4c1d0000 - 0x00007ffc4c214000 	C:\anaconda3\lib\site-packages\pandas\_libs\internals.cp38-win_amd64.pyd
0x00007ffc4bdc0000 - 0x00007ffc4bdf1000 	C:\anaconda3\lib\site-packages\pandas\_libs\writers.cp38-win_amd64.pyd
0x00007ffc4b5e0000 - 0x00007ffc4b630000 	C:\anaconda3\lib\site-packages\pandas\_libs\window\aggregations.cp38-win_amd64.pyd
0x00007ffc4c5e0000 - 0x00007ffc4c609000 	C:\anaconda3\lib\site-packages\pandas\_libs\window\indexers.cp38-win_amd64.pyd
0x00007ffc4acb0000 - 0x00007ffc4aced000 	C:\anaconda3\lib\site-packages\pandas\_libs\reshape.cp38-win_amd64.pyd
0x00007ffc46d10000 - 0x00007ffc46df5000 	C:\anaconda3\lib\site-packages\pandas\_libs\groupby.cp38-win_amd64.pyd
0x00007ffc4a810000 - 0x00007ffc4a872000 	C:\anaconda3\lib\site-packages\pandas\_libs\parsers.cp38-win_amd64.pyd
0x00007ffc4aa10000 - 0x00007ffc4aa25000 	C:\anaconda3\lib\site-packages\pandas\_libs\json.cp38-win_amd64.pyd
0x00007ffc4a7f0000 - 0x00007ffc4a806000 	C:\anaconda3\lib\site-packages\pandas\_libs\testing.cp38-win_amd64.pyd
0x00007ffc58100000 - 0x00007ffc5810a000 	C:\anaconda3\lib\site-packages\sklearn\__check_build\_check_build.cp38-win_amd64.pyd
0x0000000000730000 - 0x0000000000758000 	C:\anaconda3\lib\site-packages\scipy\.libs\libansari.R6EA3HQP5KZ6TAXU4Y4ZVTRPT7UVA53Z.gfortran-win_amd64.dll
0x000000006af00000 - 0x000000006afa6000 	C:\anaconda3\lib\site-packages\scipy\.libs\libbanded5x.ZCD4YVWE76FRGRP64SGAP7BX4MU5BEFM.gfortran-win_amd64.dll
0x0000000000760000 - 0x000000000091f000 	C:\anaconda3\lib\site-packages\scipy\.libs\libbispeu.7AH3PCQ2E2NGLC3AQD7FFAH73KGJTZCJ.gfortran-win_amd64.dll
0x0000000064840000 - 0x00000000648e3000 	C:\anaconda3\lib\site-packages\scipy\.libs\libblkdta00.5USURWRMG6FPFEKUZDHXY7U7LNUM2WK6.gfortran-win_amd64.dll
0x000000006dc40000 - 0x000000006dc8a000 	C:\anaconda3\lib\site-packages\scipy\.libs\libchkder.G7WSOGIYYQO3UWFVEZ3PPXCXR53ADVPA.gfortran-win_amd64.dll
0x0000000000920000 - 0x00000000009c1000 	C:\anaconda3\lib\site-packages\scipy\.libs\libcobyla2.25EVUSEBAW7VKISARB7LO3UGZPN2HXE3.gfortran-win_amd64.dll
0x0000000063400000 - 0x0000000063418000 	C:\anaconda3\lib\site-packages\scipy\.libs\libdcsrch.I2AOPDCXAPDRFNPWY55H5UE7XZSU5CVN.gfortran-win_amd64.dll
0x0000000062880000 - 0x000000006289e000 	C:\anaconda3\lib\site-packages\scipy\.libs\libdet.F6RQ4OV2DGIJ2MARDTCBP35QSS4MLVQE.gfortran-win_amd64.dll
0x00000000009d0000 - 0x0000000000b2f000 	C:\anaconda3\lib\site-packages\scipy\.libs\libdfft_sub.U5C2BGSVP4A24TBEJAO6QCQJ2B6LPVGU.gfortran-win_amd64.dll

dbghelp: loaded successfully - version: 4.0.5 - missing functions: none
symbol engine: initialized successfully - sym options: 0x614 - pdb path: .;C:\anaconda3;C:\Windows\SYSTEM32;C:\anaconda3\lib\site-packages\markupsafe;C:\anaconda3\DLLs;C:\anaconda3\Library\bin;C:\anaconda3\lib\site-packages\greenlet;C:\anaconda3\lib\site-packages\numpy\.libs;C:\anaconda3\lib\site-packages\numpy\core;C:\anaconda3\lib\site-packages\numpy\linalg;C:\anaconda3\lib\site-packages\numpy\fft;C:\anaconda3\lib\site-packages\numpy\random;C:\anaconda3\lib\site-packages\pandas\_libs;C:\anaconda3\lib\site-packages\pandas\_libs\tslibs;C:\anaconda3\lib\site-packages\numexpr;C:\anaconda3\lib\site-packages\bottleneck;C:\anaconda3\lib\site-packages\pandas\_libs\window;C:\anaconda3\lib\site-packages\sklearn\__check_build;C:\anaconda3\lib\site-packages\scipy\.libs;C:\anaconda3\lib\site-packages\scipy\_lib;C:\anaconda3\lib\site-packages\scipy\_lib\_uarray;C:\anaconda3\lib\site-packages\scipy\fft\_pocketfft;C:\anaconda3\lib\site-packages\scipy\sparse;C:\anaconda3\lib\site-packages\scipy\sparse\csgraph;C:\anaconda3\lib\site-packages\sklearn\utils;C:\anaconda3\lib\site-packages\psutil;C:\anaconda3\lib\site-packages\scipy\spatial;C:\anaconda3\lib\site-packages\scipy\linalg;C:\anaconda3\lib\site-packages\scipy\special;C:\anaconda3\lib\site-packages\scipy\ndimage;C:\anaconda3\lib\site-packages\scipy\optimize;C:\anaconda3\lib\site-packages\scipy\optimize\_trlib;C:\anaconda3\lib\site-packages\scipy\sparse\linalg\isolve;C:\anaconda3\lib\site-packages\scipy\sparse\linalg\dsolve;C:\anaconda3\lib\site-packages\scipy\sparse\linalg\eigen\arpack;C:\anaconda3\lib\site-packages\scipy\optimize\_lsq;C:\anaconda3\lib\site-packages\scipy\integrate;C:\anaconda3\lib\site-packages\scipy\interpolate;C:\anaconda3\lib\site-packages\scipy\stats;C:\anaconda3\lib\site-packages\win32;C:\anaconda3\lib\site-packages\sklearn\feature_extraction;C:\anaconda3\lib\site-packages\sklearn\preprocessing;C:\anaconda3\lib\site-packages\sklearn\metrics\cluster;C:\anaconda3\lib\site-packages\sklearn\metrics;C:\anaconda3\lib\site-packages;C:\anaconda3\lib\site-packages\brotli;C:\anaconda3\lib\site-packages\lxml;C:\anaconda3\lib\site-packages\PIL;C:\anaconda3\lib\site-packages\google\protobuf\internal;C:\anaconda3\lib\site-packages\google\protobuf\pyext;C:\anaconda3\lib\site-packages\tensorflow\python;C:\anaconda3\lib\site-packages\tensorflow\python\platform;C:\anaconda3\lib\site-packages\tensorflow\python\client;C:\anaconda3\lib\site-packages\wrapt;C:\anaconda3\lib\site-packages\tensorflow\python\util;C:\anaconda3\lib\site-packages\tensorflow\python\framework;C:\anaconda3\lib\site-packages\tensorflow\python\lib\core;C:\anaconda3\lib\site-packages\tensorflow\python\profiler\internal;C:\anaconda3\lib\site-packages\tensorflow\python\data\experimental\service;C:\anaconda3\lib\site-packages\tensorflow\python\lib\io;C:\anaconda3\lib\site-packages\tensorflow\python\saved_model\experimental;C:\anaconda3\lib\site-packages\h5py;C:\anaconda3\lib\site-packages\tensorflow\lite\experimental\microfrontend\python\ops;C:\anaconda3\lib\site-packages\tensorflow\python\grappler;C:\anaconda3\lib\site-packages\tensorflow\lite\python\metrics_wrapper;C:\anaconda3\lib\site-packages\tensorflow\lite\python\interpreter_wrapper;C:\anaconda3\lib\site-packages\sklearn\tree;C:\anaconda3\lib\site-packages\sklearn\neighbors;C:\anaconda3\lib\site-packages\sklearn\decomposition;C:\anaconda3\lib\site-packages\sklearn\linear_model;C:\anaconda3\lib\site-packages\sklearn\svm;C:\Program Files\Java\jdk-16.0.1\bin\server;C:\Program Files\Java\jdk-16.0.1\bin

VM Arguments:
jvm_args: -Dfile.encoding=UTF8 -ea -Xmx1024m 
java_command: <unknown>
java_class_path (initial): C:\anaconda3\Lib\site-packages\konlpy\java;C:\anaconda3\Lib\site-packages\konlpy\java\bin;C:\anaconda3\Lib\site-packages\konlpy\java\;C:\anaconda3\Lib\site-packages\konlpy\java\jhannanum-0.8.4.jar;C:\anaconda3\Lib\site-packages\konlpy\java\kkma-2.0.jar;C:\anaconda3\Lib\site-packages\konlpy\java\aho-corasick.jar;C:\anaconda3\Lib\site-packages\konlpy\java\shineware-common-1.0.jar;C:\anaconda3\Lib\site-packages\konlpy\java\shineware-ds-1.0.jar;C:\anaconda3\Lib\site-packages\konlpy\java\komoran-3.0.jar;C:\anaconda3\Lib\site-packages\konlpy\java\snakeyaml-1.12.jar;C:\anaconda3\Lib\site-packages\konlpy\java\scala-library-2.12.3.jar;C:\anaconda3\Lib\site-packages\konlpy\java\open-korean-text-2.1.0.jar;C:\anaconda3\Lib\site-packages\konlpy\java\twitter-text-1.14.7.jar;C:\anaconda3\Lib\site-packages\konlpy\java\
Launcher Type: generic

[Global flags]
     intx CICompilerCount                          = 4                                         {product} {ergonomic}
     uint ConcGCThreads                            = 3                                         {product} {ergonomic}
     uint G1ConcRefinementThreads                  = 10                                        {product} {ergonomic}
   size_t G1HeapRegionSize                         = 1048576                                   {product} {ergonomic}
    uintx GCDrainStackTargetSize                   = 64                                        {product} {ergonomic}
   size_t InitialHeapSize                          = 268435456                                 {product} {ergonomic}
   size_t MarkStackSize                            = 4194304                                   {product} {ergonomic}
   size_t MaxHeapSize                              = 1073741824                                {product} {command line}
   size_t MaxNewSize                               = 643825664                                 {product} {ergonomic}
   size_t MinHeapDeltaBytes                        = 1048576                                   {product} {ergonomic}
   size_t MinHeapSize                              = 8388608                                   {product} {ergonomic}
    uintx NonNMethodCodeHeapSize                   = 5839372                                {pd product} {ergonomic}
    uintx NonProfiledCodeHeapSize                  = 122909434                              {pd product} {ergonomic}
    uintx ProfiledCodeHeapSize                     = 122909434                              {pd product} {ergonomic}
    uintx ReservedCodeCacheSize                    = 251658240                              {pd product} {ergonomic}
     bool SegmentedCodeCache                       = true                                      {product} {ergonomic}
   size_t SoftMaxHeapSize                          = 1073741824                             {manageable} {ergonomic}
     bool UseCompressedClassPointers               = true                           {product lp64_product} {ergonomic}
     bool UseCompressedOops                        = true                           {product lp64_product} {ergonomic}
     bool UseG1GC                                  = true                                      {product} {ergonomic}
     bool UseLargePagesIndividualAllocation        = false                                  {pd product} {ergonomic}

Logging:
Log output configuration:
 #0: stdout all=warning uptime,level,tags
 #1: stderr all=off uptime,level,tags

Environment Variables:
JAVA_HOME=C:\Program Files\Java\jdk-16.0.1
PATH=C:\anaconda3;C:\anaconda3\Library\mingw-w64\bin;C:\anaconda3\Library\usr\bin;C:\anaconda3\Library\bin;C:\anaconda3\Scripts;C:\anaconda3\bin;C:\anaconda3\condabin;C:\Program Files\Common Files\Oracle\Java\javapath;C:\Windows\system32;C:\Windows;C:\Windows\System32\Wbem;C:\Windows\System32\WindowsPowerShell\v1.0;C:\Windows\System32\OpenSSH;C:\Program Files (x86)\Intel\Intel(R) Management Engine Components\DAL;C:\Program Files\Intel\Intel(R) Management Engine Components\DAL;C:\Program Files\Java\jdk-16.0.1\bin;C:\Users\5-23\AppData\Local\Programs\Python\Python39\Scripts;C:\Users\5-23\AppData\Local\Programs\Python\Python39;C:\anaconda3;C:\anaconda3\Library\mingw-w64\bin;C:\anaconda3\Library\usr\bin;C:\anaconda3\Library\bin;C:\anaconda3\Scripts;C:\Users\5-23\AppData\Local\Microsoft\WindowsApps;C:\anaconda3\lib\site-packages\scipy\.libs;C:\anaconda3\lib\site-packages\scipy\.libs
USERNAME=5-23
OS=Windows_NT
PROCESSOR_IDENTIFIER=Intel64 Family 6 Model 158 Stepping 10, GenuineIntel



---------------  S Y S T E M  ---------------

OS:
 Windows 10 , 64 bit Build 17763 (10.0.17763.475)
OS uptime: 7 days 0:58 hours

CPU: total 12 (initial active 12) (6 cores per cpu, 2 threads per core) family 6 model 158 stepping 10 microcode 0xaa, cx8, cmov, fxsr, ht, mmx, 3dnowpref, sse, sse2, sse3, ssse3, sse4.1, sse4.2, popcnt, lzcnt, tsc, tscinvbit, avx, avx2, aes, erms, clmul, bmi1, bmi2, rtm, adx, fma, vzeroupper, clflush, clflushopt

Memory: 4k page, system-wide physical 16278M (8383M free)
TotalPageFile size 18882M (AvailPageFile size 5725M)
current process WorkingSet (physical memory assigned to process): 531M, peak: 531M
current process commit charge ("private bytes"): 3129M, peak: 3129M

vm_info: Java HotSpot(TM) 64-Bit Server VM (16.0.1+9-24) for windows-amd64 JRE (16.0.1+9-24), built on Mar 26 2021 19:31:42 by "mach5one" with MS VC++ 16.7 (VS2019)

END.
